#
# A fatal error has been detected by the Java Runtime Environment:
#
#  EXCEPTION_ACCESS_VIOLATION (0xc0000005) at pc=0x00007ffd8d766b53, pid=5320, tid=24104
#
# JRE version: OpenJDK Runtime Environment (17.0.6) (build 17.0.6+0-b2043.56-10027231)
# Java VM: OpenJDK 64-Bit Server VM (17.0.6+0-b2043.56-10027231, mixed mode, tiered, compressed oops, compressed class ptrs, g1 gc, windows-amd64)
# Problematic frame:
# V  [jvm.dll+0x546b53]
#
# No core dump will be written. Minidumps are not enabled by default on client versions of Windows
#
# If you would like to submit a bug report, please visit:
#   https://bugreport.java.com/bugreport/crash.jsp
#

---------------  S U M M A R Y ------------

Command Line: --add-opens=java.base/java.util=ALL-UNNAMED --add-opens=java.base/java.lang=ALL-UNNAMED --add-opens=java.base/java.lang.invoke=ALL-UNNAMED --add-opens=java.prefs/java.util.prefs=ALL-UNNAMED --add-opens=java.base/java.nio.charset=ALL-UNNAMED --add-opens=java.base/java.net=ALL-UNNAMED --add-opens=java.base/java.util.concurrent.atomic=ALL-UNNAMED -Xmx2048m -Dfile.encoding=UTF-8 -Duser.country=US -Duser.language=en -Duser.variant org.gradle.launcher.daemon.bootstrap.GradleDaemon 8.0

Host: 11th Gen Intel(R) Core(TM) i5-11400H @ 2.70GHz, 12 cores, 7G,  Windows 11 , 64 bit Build 22621 (10.0.22621.2428)
Time: Fri Oct 27 17:08:57 2023 Central Standard Time (Mexico) elapsed time: 2.773746 seconds (0d 0h 0m 2s)

---------------  T H R E A D  ---------------

Current thread (0x0000017bdac1f0a0):  JavaThread "Daemon worker" [_thread_in_vm, id=24104, stack(0x0000003200d00000,0x0000003200e00000)]

Stack: [0x0000003200d00000,0x0000003200e00000],  sp=0x0000003200df3028,  free space=972k
Native frames: (J=compiled Java code, j=interpreted, Vv=VM code, C=native code)
V  [jvm.dll+0x546b53]

Java frames: (J=compiled Java code, j=interpreted, Vv=VM code)
v  ~RuntimeStub::ic_miss_stub
J 2916 c1 java.util.HashMap.putIfAbsent(Ljava/lang/Object;Ljava/lang/Object;)Ljava/lang/Object; java.base@17.0.6 (13 bytes) @ 0x0000017bc30e2dec [0x0000017bc30e2c40+0x00000000000001ac]
j  java.util.stream.Collectors.lambda$uniqKeysMapAccumulator$1(Ljava/util/function/Function;Ljava/util/function/Function;Ljava/util/Map;Ljava/lang/Object;)V+26 java.base@17.0.6
j  java.util.stream.Collectors$$Lambda$456+0x0000000100556da8.accept(Ljava/lang/Object;Ljava/lang/Object;)V+13 java.base@17.0.6
J 3309 c1 java.util.stream.ReduceOps$3ReducingSink.accept(Ljava/lang/Object;)V java.base@17.0.6 (15 bytes) @ 0x0000017bc3181a4c [0x0000017bc3181940+0x000000000000010c]
J 3457 c2 java.util.stream.ReferencePipeline$2$1.accept(Ljava/lang/Object;)V java.base@17.0.6 (27 bytes) @ 0x0000017bca7e2510 [0x0000017bca7e24a0+0x0000000000000070]
j  java.util.Iterator.forEachRemaining(Ljava/util/function/Consumer;)V+21 java.base@17.0.6
j  java.util.Spliterators$IteratorSpliterator.forEachRemaining(Ljava/util/function/Consumer;)V+52 java.base@17.0.6
J 2849 c1 java.util.stream.AbstractPipeline.copyInto(Ljava/util/stream/Sink;Ljava/util/Spliterator;)V java.base@17.0.6 (54 bytes) @ 0x0000017bc30c8c14 [0x0000017bc30c8840+0x00000000000003d4]
J 2633 c1 java.util.stream.AbstractPipeline.wrapAndCopyInto(Ljava/util/stream/Sink;Ljava/util/Spliterator;)Ljava/util/stream/Sink; java.base@17.0.6 (18 bytes) @ 0x0000017bc304da8c [0x0000017bc304d860+0x000000000000022c]
J 3326 c1 java.util.stream.ReduceOps$ReduceOp.evaluateSequential(Ljava/util/stream/PipelineHelper;Ljava/util/Spliterator;)Ljava/lang/Object; java.base@17.0.6 (18 bytes) @ 0x0000017bc3187a14 [0x0000017bc3187860+0x00000000000001b4]
J 2735 c1 java.util.stream.AbstractPipeline.evaluate(Ljava/util/stream/TerminalOp;)Ljava/lang/Object; java.base@17.0.6 (94 bytes) @ 0x0000017bc307e80c [0x0000017bc307e3c0+0x000000000000044c]
j  java.util.stream.ReferencePipeline.collect(Ljava/util/stream/Collector;)Ljava/lang/Object;+86 java.base@17.0.6
j  org.codehaus.groovy.vmplugin.v9.Java9.doFindClasses(Ljava/net/URI;Ljava/lang/String;Ljava/util/List;)Ljava/util/Map;+41
j  org.codehaus.groovy.vmplugin.v9.Java9.getDefaultImportClasses([Ljava/lang/String;)Ljava/util/Map;+251
j  org.codehaus.groovy.control.ResolveVisitor.<clinit>()V+70
v  ~StubRoutines::call_stub
j  org.codehaus.groovy.runtime.InvokerHelper.<clinit>()V+60
v  ~StubRoutines::call_stub
j  groovy.lang.GroovyObjectSupport.getDefaultMetaClass()Lgroovy/lang/MetaClass;+4
j  groovy.lang.GroovyObjectSupport.<init>()V+6
j  groovy.lang.Binding.<init>()V+1
j  groovy.lang.Script.<init>()V+5
j  org.gradle.groovy.scripts.Script.<init>()V+1
j  org.gradle.groovy.scripts.BasicScript.<init>()V+1
j  org.gradle.groovy.scripts.DefaultScript.<init>()V+1
j  org.gradle.initialization.InitScript.<init>()V+1
j  ijtestinit_cbb7jo39tef0u3fa4jngdoap1.<init>()V+6
v  ~StubRoutines::call_stub
J 2141  jdk.internal.reflect.NativeConstructorAccessorImpl.newInstance0(Ljava/lang/reflect/Constructor;[Ljava/lang/Object;)Ljava/lang/Object; java.base@17.0.6 (0 bytes) @ 0x0000017bca6fca06 [0x0000017bca6fc9a0+0x0000000000000066]
J 2140 c1 jdk.internal.reflect.NativeConstructorAccessorImpl.newInstance([Ljava/lang/Object;)Ljava/lang/Object; java.base@17.0.6 (122 bytes) @ 0x0000017bc2f45764 [0x0000017bc2f44e60+0x0000000000000904]
J 2032 c1 jdk.internal.reflect.DelegatingConstructorAccessorImpl.newInstance([Ljava/lang/Object;)Ljava/lang/Object; java.base@17.0.6 (9 bytes) @ 0x0000017bc2eff53c [0x0000017bc2eff440+0x00000000000000fc]
J 2219 c1 java.lang.reflect.Constructor.newInstanceWithCaller([Ljava/lang/Object;ZLjava/lang/Class;)Ljava/lang/Object; java.base@17.0.6 (75 bytes) @ 0x0000017bc2f7184c [0x0000017bc2f71600+0x000000000000024c]
J 2039 c1 java.lang.reflect.Constructor.newInstance([Ljava/lang/Object;)Ljava/lang/Object; java.base@17.0.6 (34 bytes) @ 0x0000017bc2f01bac [0x0000017bc2f01a40+0x000000000000016c]
j  org.gradle.internal.instantiation.generator.AsmBackedClassGenerator$InvokeConstructorStrategy.newInstance(Lorg/gradle/internal/service/ServiceLookup;Lorg/gradle/internal/instantiation/InstanceGenerator;Lorg/gradle/api/Describable;[Ljava/lang/Object;)Ljava/lang/Object;+37
j  org.gradle.internal.instantiation.generator.AbstractClassGenerator$GeneratedClassImpl$GeneratedConstructorImpl.lambda$newInstance$0(Lorg/gradle/internal/service/ServiceLookup;Lorg/gradle/internal/instantiation/InstanceGenerator;Lorg/gradle/api/Describable;[Ljava/lang/Object;)Ljava/lang/Object;+9
j  org.gradle.internal.instantiation.generator.AbstractClassGenerator$GeneratedClassImpl$GeneratedConstructorImpl$$Lambda$135+0x000000010027fb98.create()Ljava/lang/Object;+20
j  org.gradle.internal.deprecation.DeprecationLogger$4.create()Ljava/lang/Object;+6
j  org.gradle.internal.deprecation.DeprecationLogger.whileDisabledThrowing(Lorg/gradle/internal/deprecation/DeprecationLogger$ThrowingFactory;)Ljava/lang/Object;+14
j  org.gradle.internal.instantiation.generator.AbstractClassGenerator$GeneratedClassImpl$GeneratedConstructorImpl.newInstance(Lorg/gradle/internal/service/ServiceLookup;Lorg/gradle/internal/instantiation/InstanceGenerator;Lorg/gradle/api/Describable;[Ljava/lang/Object;)Ljava/lang/Object;+11
j  org.gradle.internal.instantiation.generator.DependencyInjectingInstantiator.doCreate(Ljava/lang/Class;Lorg/gradle/api/Describable;[Ljava/lang/Object;)Ljava/lang/Object;+37
j  org.gradle.internal.instantiation.generator.DependencyInjectingInstantiator.newInstance(Ljava/lang/Class;[Ljava/lang/Object;)Ljava/lang/Object;+4
j  org.gradle.groovy.scripts.internal.DefaultScriptRunnerFactory$ScriptRunnerImpl.getScript()Lorg/gradle/groovy/scripts/Script;+30
j  org.gradle.groovy.scripts.internal.DefaultScriptRunnerFactory$ScriptRunnerImpl.run(Ljava/lang/Object;Lorg/gradle/internal/service/ServiceRegistry;)V+21
j  org.gradle.configuration.DefaultScriptPluginFactory$ScriptPluginImpl.lambda$apply$0(Lorg/gradle/groovy/scripts/ScriptRunner;Ljava/lang/Object;Lorg/gradle/internal/service/DefaultServiceRegistry;)V+3
j  org.gradle.configuration.DefaultScriptPluginFactory$ScriptPluginImpl$$Lambda$389+0x00000001004dabd0.run()V+12
j  org.gradle.configuration.DefaultScriptTarget.addConfiguration(Ljava/lang/Runnable;Z)V+1
j  org.gradle.configuration.DefaultScriptPluginFactory$ScriptPluginImpl.apply(Ljava/lang/Object;)V+389
j  org.gradle.configuration.BuildOperationScriptPlugin$1.run(Lorg/gradle/internal/operations/BuildOperationContext;)V+11
j  org.gradle.internal.operations.DefaultBuildOperationRunner$1.execute(Lorg/gradle/internal/operations/RunnableBuildOperation;Lorg/gradle/internal/operations/BuildOperationContext;)V+2
j  org.gradle.internal.operations.DefaultBuildOperationRunner$1.execute(Lorg/gradle/internal/operations/BuildOperation;Lorg/gradle/internal/operations/BuildOperationContext;)V+6
j  org.gradle.internal.operations.DefaultBuildOperationRunner$2.execute(Lorg/gradle/internal/operations/BuildOperationDescriptor;Lorg/gradle/internal/operations/BuildOperationState;Lorg/gradle/internal/operations/BuildOperationState;Lorg/gradle/internal/operations/DefaultBuildOperationRunner$ReadableBuildOperationContext;Lorg/gradle/internal/operations/DefaultBuildOperationRunner$BuildOperationExecutionListener;)Lorg/gradle/internal/operations/BuildOperation;+22
j  org.gradle.internal.operations.DefaultBuildOperationRunner$2.execute(Lorg/gradle/internal/operations/BuildOperationDescriptor;Lorg/gradle/internal/operations/BuildOperationState;Lorg/gradle/internal/operations/BuildOperationState;Lorg/gradle/internal/operations/DefaultBuildOperationRunner$ReadableBuildOperationContext;Lorg/gradle/internal/operations/DefaultBuildOperationRunner$BuildOperationExecutionListener;)Ljava/lang/Object;+8
j  org.gradle.internal.operations.DefaultBuildOperationRunner.execute(Lorg/gradle/internal/operations/BuildOperationDescriptor$Builder;Lorg/gradle/internal/operations/BuildOperationState;Lorg/gradle/internal/operations/DefaultBuildOperationRunner$BuildOperationExecution;)Ljava/lang/Object;+141
j  org.gradle.internal.operations.DefaultBuildOperationRunner.execute(Lorg/gradle/internal/operations/BuildOperation;Lorg/gradle/internal/operations/BuildOperationWorker;Lorg/gradle/internal/operations/BuildOperationState;)V+18
j  org.gradle.internal.operations.DefaultBuildOperationRunner.run(Lorg/gradle/internal/operations/RunnableBuildOperation;)V+9
j  org.gradle.internal.operations.DefaultBuildOperationExecutor.run(Lorg/gradle/internal/operations/RunnableBuildOperation;)V+5
j  org.gradle.configuration.BuildOperationScriptPlugin.lambda$apply$0(Ljava/lang/Object;Lorg/gradle/configuration/internal/UserCodeApplicationId;)V+14
j  org.gradle.configuration.BuildOperationScriptPlugin$$Lambda$337+0x00000001004b0b60.execute(Ljava/lang/Object;)V+12
j  org.gradle.configuration.internal.DefaultUserCodeApplicationContext.apply(Lorg/gradle/internal/DisplayName;Lorg/gradle/api/Action;)V+37
j  org.gradle.configuration.BuildOperationScriptPlugin.apply(Ljava/lang/Object;)V+61
j  org.gradle.configuration.DefaultInitScriptProcessor.process(Lorg/gradle/groovy/scripts/ScriptSource;Lorg/gradle/api/internal/GradleInternal;)V+119
j  org.gradle.initialization.InitScriptHandler$1.run(Lorg/gradle/internal/operations/BuildOperationContext;)V+66
j  org.gradle.internal.operations.DefaultBuildOperationRunner$1.execute(Lorg/gradle/internal/operations/RunnableBuildOperation;Lorg/gradle/internal/operations/BuildOperationContext;)V+2
j  org.gradle.internal.operations.DefaultBuildOperationRunner$1.execute(Lorg/gradle/internal/operations/BuildOperation;Lorg/gradle/internal/operations/BuildOperationContext;)V+6
j  org.gradle.internal.operations.DefaultBuildOperationRunner$2.execute(Lorg/gradle/internal/operations/BuildOperationDescriptor;Lorg/gradle/internal/operations/BuildOperationState;Lorg/gradle/internal/operations/BuildOperationState;Lorg/gradle/internal/operations/DefaultBuildOperationRunner$ReadableBuildOperationContext;Lorg/gradle/internal/operations/DefaultBuildOperationRunner$BuildOperationExecutionListener;)Lorg/gradle/internal/operations/BuildOperation;+22
j  org.gradle.internal.operations.DefaultBuildOperationRunner$2.execute(Lorg/gradle/internal/operations/BuildOperationDescriptor;Lorg/gradle/internal/operations/BuildOperationState;Lorg/gradle/internal/operations/BuildOperationState;Lorg/gradle/internal/operations/DefaultBuildOperationRunner$ReadableBuildOperationContext;Lorg/gradle/internal/operations/DefaultBuildOperationRunner$BuildOperationExecutionListener;)Ljava/lang/Object;+8
j  org.gradle.internal.operations.DefaultBuildOperationRunner.execute(Lorg/gradle/internal/operations/BuildOperationDescriptor$Builder;Lorg/gradle/internal/operations/BuildOperationState;Lorg/gradle/internal/operations/DefaultBuildOperationRunner$BuildOperationExecution;)Ljava/lang/Object;+141
j  org.gradle.internal.operations.DefaultBuildOperationRunner.execute(Lorg/gradle/internal/operations/BuildOperation;Lorg/gradle/internal/operations/BuildOperationWorker;Lorg/gradle/internal/operations/BuildOperationState;)V+18
j  org.gradle.internal.operations.DefaultBuildOperationRunner.run(Lorg/gradle/internal/operations/RunnableBuildOperation;)V+9
j  org.gradle.internal.operations.DefaultBuildOperationExecutor.run(Lorg/gradle/internal/operations/RunnableBuildOperation;)V+5
j  org.gradle.initialization.InitScriptHandler.executeScripts(Lorg/gradle/api/internal/GradleInternal;)V+34
j  org.gradle.initialization.InitScriptHandlingSettingsLoader.findAndLoadSettings(Lorg/gradle/api/internal/GradleInternal;)Lorg/gradle/initialization/SettingsState;+5
j  org.gradle.api.internal.initialization.CacheConfigurationsHandlingSettingsLoader.findAndLoadSettings(Lorg/gradle/api/internal/GradleInternal;)Lorg/gradle/initialization/SettingsState;+15
j  org.gradle.initialization.GradlePropertiesHandlingSettingsLoader.findAndLoadSettings(Lorg/gradle/api/internal/GradleInternal;)Lorg/gradle/initialization/SettingsState;+39
j  org.gradle.initialization.DefaultSettingsPreparer.prepareSettings(Lorg/gradle/api/internal/GradleInternal;)V+33
j  org.gradle.initialization.BuildOperationFiringSettingsPreparer$LoadBuild.doLoadBuild()V+11
j  org.gradle.initialization.BuildOperationFiringSettingsPreparer$LoadBuild.run(Lorg/gradle/internal/operations/BuildOperationContext;)V+1
j  org.gradle.internal.operations.DefaultBuildOperationRunner$1.execute(Lorg/gradle/internal/operations/RunnableBuildOperation;Lorg/gradle/internal/operations/BuildOperationContext;)V+2
j  org.gradle.internal.operations.DefaultBuildOperationRunner$1.execute(Lorg/gradle/internal/operations/BuildOperation;Lorg/gradle/internal/operations/BuildOperationContext;)V+6
j  org.gradle.internal.operations.DefaultBuildOperationRunner$2.execute(Lorg/gradle/internal/operations/BuildOperationDescriptor;Lorg/gradle/internal/operations/BuildOperationState;Lorg/gradle/internal/operations/BuildOperationState;Lorg/gradle/internal/operations/DefaultBuildOperationRunner$ReadableBuildOperationContext;Lorg/gradle/internal/operations/DefaultBuildOperationRunner$BuildOperationExecutionListener;)Lorg/gradle/internal/operations/BuildOperation;+22
j  org.gradle.internal.operations.DefaultBuildOperationRunner$2.execute(Lorg/gradle/internal/operations/BuildOperationDescriptor;Lorg/gradle/internal/operations/BuildOperationState;Lorg/gradle/internal/operations/BuildOperationState;Lorg/gradle/internal/operations/DefaultBuildOperationRunner$ReadableBuildOperationContext;Lorg/gradle/internal/operations/DefaultBuildOperationRunner$BuildOperationExecutionListener;)Ljava/lang/Object;+8
j  org.gradle.internal.operations.DefaultBuildOperationRunner.execute(Lorg/gradle/internal/operations/BuildOperationDescriptor$Builder;Lorg/gradle/internal/operations/BuildOperationState;Lorg/gradle/internal/operations/DefaultBuildOperationRunner$BuildOperationExecution;)Ljava/lang/Object;+141
j  org.gradle.internal.operations.DefaultBuildOperationRunner.execute(Lorg/gradle/internal/operations/BuildOperation;Lorg/gradle/internal/operations/BuildOperationWorker;Lorg/gradle/internal/operations/BuildOperationState;)V+18
j  org.gradle.internal.operations.DefaultBuildOperationRunner.run(Lorg/gradle/internal/operations/RunnableBuildOperation;)V+9
j  org.gradle.internal.operations.DefaultBuildOperationExecutor.run(Lorg/gradle/internal/operations/RunnableBuildOperation;)V+5
j  org.gradle.initialization.BuildOperationFiringSettingsPreparer.prepareSettings(Lorg/gradle/api/internal/GradleInternal;)V+31
j  org.gradle.initialization.VintageBuildModelController.lambda$prepareSettings$1()V+8
j  org.gradle.initialization.VintageBuildModelController$$Lambda$256+0x00000001003fd820.run()V+4
j  org.gradle.internal.model.StateTransitionController.lambda$doTransition$13(Ljava/lang/Runnable;)Lorg/gradle/internal/build/ExecutionResult;+1
j  org.gradle.internal.model.StateTransitionController$$Lambda$255+0x00000001003fd5d8.get()Ljava/lang/Object;+4
j  org.gradle.internal.model.StateTransitionController.doTransition(Lorg/gradle/internal/model/StateTransitionController$State;Lorg/gradle/internal/model/StateTransitionController$State;Ljava/util/function/Supplier;)Lorg/gradle/internal/build/ExecutionResult;+24
j  org.gradle.internal.model.StateTransitionController.doTransition(Lorg/gradle/internal/model/StateTransitionController$State;Lorg/gradle/internal/model/StateTransitionController$State;Ljava/lang/Runnable;)V+9
j  org.gradle.internal.model.StateTransitionController.lambda$transitionIfNotPreviously$11(Lorg/gradle/internal/model/StateTransitionController$State;Lorg/gradle/internal/model/StateTransitionController$State;Ljava/lang/Runnable;)V+16
j  org.gradle.internal.model.StateTransitionController$$Lambda$257+0x00000001003fda68.run()V+16
j  org.gradle.internal.work.DefaultSynchronizer.withLock(Ljava/lang/Runnable;)V+6
j  org.gradle.internal.model.StateTransitionController.transitionIfNotPreviously(Lorg/gradle/internal/model/StateTransitionController$State;Lorg/gradle/internal/model/StateTransitionController$State;Ljava/lang/Runnable;)V+13
j  org.gradle.initialization.VintageBuildModelController.prepareSettings()V+16
j  org.gradle.initialization.VintageBuildModelController.prepareToScheduleTasks()V+1
j  org.gradle.internal.build.DefaultBuildLifecycleController.lambda$prepareToScheduleTasks$3()V+9
j  org.gradle.internal.build.DefaultBuildLifecycleController$$Lambda$253+0x00000001003fd148.run()V+4
j  org.gradle.internal.model.StateTransitionController.lambda$doTransition$13(Ljava/lang/Runnable;)Lorg/gradle/internal/build/ExecutionResult;+1
j  org.gradle.internal.model.StateTransitionController$$Lambda$255+0x00000001003fd5d8.get()Ljava/lang/Object;+4
j  org.gradle.internal.model.StateTransitionController.doTransition(Lorg/gradle/internal/model/StateTransitionController$State;Lorg/gradle/internal/model/StateTransitionController$State;Ljava/util/function/Supplier;)Lorg/gradle/internal/build/ExecutionResult;+24
j  org.gradle.internal.model.StateTransitionController.doTransition(Lorg/gradle/internal/model/StateTransitionController$State;Lorg/gradle/internal/model/StateTransitionController$State;Ljava/lang/Runnable;)V+9
j  org.gradle.internal.model.StateTransitionController.lambda$maybeTransition$9(Lorg/gradle/internal/model/StateTransitionController$State;Lorg/gradle/internal/model/StateTransitionController$State;Ljava/lang/Runnable;)V+16
j  org.gradle.internal.model.StateTransitionController$$Lambda$254+0x00000001003fd390.run()V+16
j  org.gradle.internal.work.DefaultSynchronizer.withLock(Ljava/lang/Runnable;)V+6
j  org.gradle.internal.model.StateTransitionController.maybeTransition(Lorg/gradle/internal/model/StateTransitionController$State;Lorg/gradle/internal/model/StateTransitionController$State;Ljava/lang/Runnable;)V+13
j  org.gradle.internal.build.DefaultBuildLifecycleController.prepareToScheduleTasks()V+16
j  org.gradle.internal.buildtree.DefaultBuildTreeWorkPreparer.scheduleRequestedTasks(Lorg/gradle/internal/buildtree/BuildTreeWorkGraph;Lorg/gradle/execution/EntryTaskSelector;)Lorg/gradle/internal/buildtree/BuildTreeWorkGraph$FinalizedGraph;+4
j  org.gradle.configurationcache.VintageBuildTreeWorkController$scheduleAndRunRequestedTasks$1.apply(Lorg/gradle/internal/buildtree/BuildTreeWorkGraph;)Lorg/gradle/internal/build/ExecutionResult;+18
j  org.gradle.configurationcache.VintageBuildTreeWorkController$scheduleAndRunRequestedTasks$1.apply(Ljava/lang/Object;)Ljava/lang/Object;+5
j  org.gradle.composite.internal.DefaultIncludedBuildTaskGraph.withNewWorkGraph(Ljava/util/function/Function;)Ljava/lang/Object;+30
j  org.gradle.configurationcache.VintageBuildTreeWorkController.scheduleAndRunRequestedTasks(Lorg/gradle/execution/EntryTaskSelector;)Lorg/gradle/internal/build/ExecutionResult;+16
j  org.gradle.internal.buildtree.DefaultBuildTreeLifecycleController.lambda$scheduleAndRunTasks$1(Lorg/gradle/execution/EntryTaskSelector;)Lorg/gradle/internal/build/ExecutionResult;+5
j  org.gradle.internal.buildtree.DefaultBuildTreeLifecycleController$$Lambda$248+0x00000001003fc1c8.get()Ljava/lang/Object;+8
j  org.gradle.internal.buildtree.DefaultBuildTreeLifecycleController.lambda$runBuild$4(Ljava/util/function/Supplier;)Ljava/lang/Object;+1
j  org.gradle.internal.buildtree.DefaultBuildTreeLifecycleController$$Lambda$249+0x00000001003fc410.get()Ljava/lang/Object;+8
j  org.gradle.internal.model.StateTransitionController.lambda$transition$6(Ljava/util/function/Supplier;)Lorg/gradle/internal/build/ExecutionResult;+1
j  org.gradle.internal.model.StateTransitionController$$Lambda$251+0x00000001003fc8a0.get()Ljava/lang/Object;+4
j  org.gradle.internal.model.StateTransitionController.doTransition(Lorg/gradle/internal/model/StateTransitionController$State;Lorg/gradle/internal/model/StateTransitionController$State;Ljava/util/function/Supplier;)Lorg/gradle/internal/build/ExecutionResult;+24
j  org.gradle.internal.model.StateTransitionController.lambda$transition$7(Lorg/gradle/internal/model/StateTransitionController$State;Lorg/gradle/internal/model/StateTransitionController$State;Ljava/util/function/Supplier;)Ljava/lang/Object;+9
j  org.gradle.internal.model.StateTransitionController$$Lambda$250+0x00000001003fc658.create()Ljava/lang/Object;+16
j  org.gradle.internal.work.DefaultSynchronizer.withLock(Lorg/gradle/internal/Factory;)Ljava/lang/Object;+6
j  org.gradle.internal.model.StateTransitionController.transition(Lorg/gradle/internal/model/StateTransitionController$State;Lorg/gradle/internal/model/StateTransitionController$State;Ljava/util/function/Supplier;)Ljava/lang/Object;+13
j  org.gradle.internal.buildtree.DefaultBuildTreeLifecycleController.runBuild(Ljava/util/function/Supplier;)Ljava/lang/Object;+17
j  org.gradle.internal.buildtree.DefaultBuildTreeLifecycleController.scheduleAndRunTasks(Lorg/gradle/execution/EntryTaskSelector;)V+8
j  org.gradle.internal.buildtree.DefaultBuildTreeLifecycleController.scheduleAndRunTasks()V+2
j  org.gradle.tooling.internal.provider.runner.BuildModelActionRunner.run(Lorg/gradle/internal/invocation/BuildAction;Lorg/gradle/internal/buildtree/BuildTreeLifecycleController;)Lorg/gradle/internal/buildtree/BuildActionRunner$Result;+65
j  org.gradle.launcher.exec.ChainingBuildActionRunner.run(Lorg/gradle/internal/invocation/BuildAction;Lorg/gradle/internal/buildtree/BuildTreeLifecycleController;)Lorg/gradle/internal/buildtree/BuildActionRunner$Result;+34
j  org.gradle.internal.buildtree.ProblemReportingBuildActionRunner.run(Lorg/gradle/internal/invocation/BuildAction;Lorg/gradle/internal/buildtree/BuildTreeLifecycleController;)Lorg/gradle/internal/buildtree/BuildActionRunner$Result;+12
j  org.gradle.launcher.exec.BuildOutcomeReportingBuildActionRunner.run(Lorg/gradle/internal/invocation/BuildAction;Lorg/gradle/internal/buildtree/BuildTreeLifecycleController;)Lorg/gradle/internal/buildtree/BuildActionRunner$Result;+69
j  org.gradle.tooling.internal.provider.FileSystemWatchingBuildActionRunner.run(Lorg/gradle/internal/invocation/BuildAction;Lorg/gradle/internal/buildtree/BuildTreeLifecycleController;)Lorg/gradle/internal/buildtree/BuildActionRunner$Result;+335
j  org.gradle.launcher.exec.BuildCompletionNotifyingBuildActionRunner.run(Lorg/gradle/internal/invocation/BuildAction;Lorg/gradle/internal/buildtree/BuildTreeLifecycleController;)Lorg/gradle/internal/buildtree/BuildActionRunner$Result;+6
j  org.gradle.launcher.exec.RootBuildLifecycleBuildActionExecutor.lambda$execute$0(Lorg/gradle/internal/invocation/BuildAction;Lorg/gradle/internal/buildtree/BuildTreeLifecycleController;)Lorg/gradle/internal/buildtree/BuildActionRunner$Result;+6
j  org.gradle.launcher.exec.RootBuildLifecycleBuildActionExecutor$$Lambda$205+0x00000001003de4a0.apply(Ljava/lang/Object;)Ljava/lang/Object;+12
j  org.gradle.composite.internal.DefaultRootBuildState.run(Ljava/util/function/Function;)Ljava/lang/Object;+87
j  org.gradle.launcher.exec.RootBuildLifecycleBuildActionExecutor.execute(Lorg/gradle/internal/invocation/BuildAction;Lorg/gradle/internal/buildtree/BuildTreeContext;)Lorg/gradle/internal/buildtree/BuildActionRunner$Result;+28
j  org.gradle.internal.buildtree.DefaultBuildTreeContext.execute(Lorg/gradle/internal/invocation/BuildAction;)Lorg/gradle/internal/buildtree/BuildActionRunner$Result;+64
j  org.gradle.launcher.exec.BuildTreeLifecycleBuildActionExecutor.lambda$execute$0(Lorg/gradle/internal/invocation/BuildAction;Lorg/gradle/internal/buildtree/BuildTreeContext;)Lorg/gradle/internal/buildtree/BuildActionRunner$Result;+2
j  org.gradle.launcher.exec.BuildTreeLifecycleBuildActionExecutor$$Lambda$158+0x0000000100330470.apply(Ljava/lang/Object;)Ljava/lang/Object;+8
j  org.gradle.internal.buildtree.BuildTreeState.run(Ljava/util/function/Function;)Ljava/lang/Object;+5
j  org.gradle.launcher.exec.BuildTreeLifecycleBuildActionExecutor.execute(Lorg/gradle/internal/invocation/BuildAction;Lorg/gradle/internal/session/BuildSessionContext;)Lorg/gradle/internal/buildtree/BuildActionRunner$Result;+181
j  org.gradle.launcher.exec.RunAsBuildOperationBuildActionExecutor$3.call(Lorg/gradle/internal/operations/BuildOperationContext;)Lorg/gradle/internal/buildtree/BuildActionRunner$Result;+25
j  org.gradle.launcher.exec.RunAsBuildOperationBuildActionExecutor$3.call(Lorg/gradle/internal/operations/BuildOperationContext;)Ljava/lang/Object;+2
j  org.gradle.internal.operations.DefaultBuildOperationRunner$CallableBuildOperationWorker.execute(Lorg/gradle/internal/operations/CallableBuildOperation;Lorg/gradle/internal/operations/BuildOperationContext;)V+3
j  org.gradle.internal.operations.DefaultBuildOperationRunner$CallableBuildOperationWorker.execute(Lorg/gradle/internal/operations/BuildOperation;Lorg/gradle/internal/operations/BuildOperationContext;)V+6
j  org.gradle.internal.operations.DefaultBuildOperationRunner$2.execute(Lorg/gradle/internal/operations/BuildOperationDescriptor;Lorg/gradle/internal/operations/BuildOperationState;Lorg/gradle/internal/operations/BuildOperationState;Lorg/gradle/internal/operations/DefaultBuildOperationRunner$ReadableBuildOperationContext;Lorg/gradle/internal/operations/DefaultBuildOperationRunner$BuildOperationExecutionListener;)Lorg/gradle/internal/operations/BuildOperation;+22
j  org.gradle.internal.operations.DefaultBuildOperationRunner$2.execute(Lorg/gradle/internal/operations/BuildOperationDescriptor;Lorg/gradle/internal/operations/BuildOperationState;Lorg/gradle/internal/operations/BuildOperationState;Lorg/gradle/internal/operations/DefaultBuildOperationRunner$ReadableBuildOperationContext;Lorg/gradle/internal/operations/DefaultBuildOperationRunner$BuildOperationExecutionListener;)Ljava/lang/Object;+8
j  org.gradle.internal.operations.DefaultBuildOperationRunner.execute(Lorg/gradle/internal/operations/BuildOperationDescriptor$Builder;Lorg/gradle/internal/operations/BuildOperationState;Lorg/gradle/internal/operations/DefaultBuildOperationRunner$BuildOperationExecution;)Ljava/lang/Object;+141
j  org.gradle.internal.operations.DefaultBuildOperationRunner.execute(Lorg/gradle/internal/operations/BuildOperation;Lorg/gradle/internal/operations/BuildOperationWorker;Lorg/gradle/internal/operations/BuildOperationState;)V+18
j  org.gradle.internal.operations.DefaultBuildOperationRunner.call(Lorg/gradle/internal/operations/CallableBuildOperation;)Ljava/lang/Object;+16
j  org.gradle.internal.operations.DefaultBuildOperationExecutor.call(Lorg/gradle/internal/operations/CallableBuildOperation;)Ljava/lang/Object;+5
j  org.gradle.launcher.exec.RunAsBuildOperationBuildActionExecutor.execute(Lorg/gradle/internal/invocation/BuildAction;Lorg/gradle/internal/session/BuildSessionContext;)Lorg/gradle/internal/buildtree/BuildActionRunner$Result;+23
j  org.gradle.launcher.exec.RunAsWorkerThreadBuildActionExecutor.lambda$execute$0(Lorg/gradle/internal/invocation/BuildAction;Lorg/gradle/internal/session/BuildSessionContext;)Lorg/gradle/internal/buildtree/BuildActionRunner$Result;+6
j  org.gradle.launcher.exec.RunAsWorkerThreadBuildActionExecutor$$Lambda$157+0x0000000100315230.create()Ljava/lang/Object;+12
j  org.gradle.internal.work.DefaultWorkerLeaseService.withLocks(Ljava/util/Collection;Lorg/gradle/internal/Factory;)Ljava/lang/Object;+28
j  org.gradle.internal.work.DefaultWorkerLeaseService.runAsWorkerThread(Lorg/gradle/internal/Factory;)Ljava/lang/Object;+33
j  org.gradle.launcher.exec.RunAsWorkerThreadBuildActionExecutor.execute(Lorg/gradle/internal/invocation/BuildAction;Lorg/gradle/internal/session/BuildSessionContext;)Lorg/gradle/internal/buildtree/BuildActionRunner$Result;+12
j  org.gradle.tooling.internal.provider.continuous.ContinuousBuildActionExecutor.execute(Lorg/gradle/internal/invocation/BuildAction;Lorg/gradle/internal/session/BuildSessionContext;)Lorg/gradle/internal/buildtree/BuildActionRunner$Result;+58
j  org.gradle.tooling.internal.provider.SubscribableBuildActionExecutor.execute(Lorg/gradle/internal/invocation/BuildAction;Lorg/gradle/internal/session/BuildSessionContext;)Lorg/gradle/internal/buildtree/BuildActionRunner$Result;+30
j  org.gradle.internal.session.DefaultBuildSessionContext.execute(Lorg/gradle/internal/invocation/BuildAction;)Lorg/gradle/internal/buildtree/BuildActionRunner$Result;+64
j  org.gradle.tooling.internal.provider.BuildSessionLifecycleBuildActionExecuter$ActionImpl.apply(Lorg/gradle/internal/session/BuildSessionContext;)Lorg/gradle/launcher/exec/BuildActionResult;+6
j  org.gradle.tooling.internal.provider.BuildSessionLifecycleBuildActionExecuter$ActionImpl.apply(Ljava/lang/Object;)Ljava/lang/Object;+5
j  org.gradle.internal.session.BuildSessionState.run(Ljava/util/function/Function;)Ljava/lang/Object;+5
j  org.gradle.tooling.internal.provider.BuildSessionLifecycleBuildActionExecuter.execute(Lorg/gradle/internal/invocation/BuildAction;Lorg/gradle/launcher/exec/BuildActionParameters;Lorg/gradle/initialization/BuildRequestContext;)Lorg/gradle/launcher/exec/BuildActionResult;+95
j  org.gradle.tooling.internal.provider.BuildSessionLifecycleBuildActionExecuter.execute(Lorg/gradle/internal/invocation/BuildAction;Ljava/lang/Object;Ljava/lang/Object;)Lorg/gradle/launcher/exec/BuildActionResult;+10
j  org.gradle.tooling.internal.provider.StartParamsValidatingActionExecuter.execute(Lorg/gradle/internal/invocation/BuildAction;Lorg/gradle/launcher/exec/BuildActionParameters;Lorg/gradle/initialization/BuildRequestContext;)Lorg/gradle/launcher/exec/BuildActionResult;+177
j  org.gradle.tooling.internal.provider.StartParamsValidatingActionExecuter.execute(Lorg/gradle/internal/invocation/BuildAction;Ljava/lang/Object;Ljava/lang/Object;)Lorg/gradle/launcher/exec/BuildActionResult;+10
j  org.gradle.tooling.internal.provider.SessionFailureReportingActionExecuter.execute(Lorg/gradle/internal/invocation/BuildAction;Lorg/gradle/launcher/exec/BuildActionParameters;Lorg/gradle/initialization/BuildRequestContext;)Lorg/gradle/launcher/exec/BuildActionResult;+7
j  org.gradle.tooling.internal.provider.SessionFailureReportingActionExecuter.execute(Lorg/gradle/internal/invocation/BuildAction;Ljava/lang/Object;Ljava/lang/Object;)Lorg/gradle/launcher/exec/BuildActionResult;+10
j  org.gradle.tooling.internal.provider.SetupLoggingActionExecuter.execute(Lorg/gradle/internal/invocation/BuildAction;Lorg/gradle/launcher/exec/BuildActionParameters;Lorg/gradle/initialization/BuildRequestContext;)Lorg/gradle/launcher/exec/BuildActionResult;+50
j  org.gradle.tooling.internal.provider.SetupLoggingActionExecuter.execute(Lorg/gradle/internal/invocation/BuildAction;Ljava/lang/Object;Ljava/lang/Object;)Lorg/gradle/launcher/exec/BuildActionResult;+10
j  org.gradle.launcher.daemon.server.exec.ExecuteBuild.doBuild(Lorg/gradle/launcher/daemon/server/api/DaemonCommandExecution;Lorg/gradle/launcher/daemon/protocol/Build;)V+117
j  org.gradle.launcher.daemon.server.exec.BuildCommandOnly.execute(Lorg/gradle/launcher/daemon/server/api/DaemonCommandExecution;)V+49
j  org.gradle.launcher.daemon.server.api.DaemonCommandExecution.proceed()Z+23
j  org.gradle.launcher.daemon.server.exec.WatchForDisconnection.execute(Lorg/gradle/launcher/daemon/server/api/DaemonCommandExecution;)V+19
j  org.gradle.launcher.daemon.server.api.DaemonCommandExecution.proceed()Z+23
j  org.gradle.launcher.daemon.server.exec.ResetDeprecationLogger.execute(Lorg/gradle/launcher/daemon/server/api/DaemonCommandExecution;)V+7
j  org.gradle.launcher.daemon.server.api.DaemonCommandExecution.proceed()Z+23
j  org.gradle.launcher.daemon.server.exec.RequestStopIfSingleUsedDaemon.execute(Lorg/gradle/launcher/daemon/server/api/DaemonCommandExecution;)V+33
j  org.gradle.launcher.daemon.server.api.DaemonCommandExecution.proceed()Z+23
j  org.gradle.launcher.daemon.server.exec.ForwardClientInput$2.create()Ljava/lang/Void;+4
j  org.gradle.launcher.daemon.server.exec.ForwardClientInput$2.create()Ljava/lang/Object;+1
j  org.gradle.util.internal.Swapper.swap(Ljava/lang/Object;Lorg/gradle/internal/Factory;)Ljava/lang/Object;+21
j  org.gradle.launcher.daemon.server.exec.ForwardClientInput.execute(Lorg/gradle/launcher/daemon/server/api/DaemonCommandExecution;)V+63
j  org.gradle.launcher.daemon.server.api.DaemonCommandExecution.proceed()Z+23
j  org.gradle.launcher.daemon.server.exec.LogAndCheckHealth.execute(Lorg/gradle/launcher/daemon/server/api/DaemonCommandExecution;)V+51
j  org.gradle.launcher.daemon.server.api.DaemonCommandExecution.proceed()Z+23
j  org.gradle.launcher.daemon.server.exec.LogToClient.doBuild(Lorg/gradle/launcher/daemon/server/api/DaemonCommandExecution;Lorg/gradle/launcher/daemon/protocol/Build;)V+87
j  org.gradle.launcher.daemon.server.exec.BuildCommandOnly.execute(Lorg/gradle/launcher/daemon/server/api/DaemonCommandExecution;)V+49
j  org.gradle.launcher.daemon.server.api.DaemonCommandExecution.proceed()Z+23
j  org.gradle.launcher.daemon.server.exec.EstablishBuildEnvironment.doBuild(Lorg/gradle/launcher/daemon/server/api/DaemonCommandExecution;Lorg/gradle/launcher/daemon/protocol/Build;)V+356
j  org.gradle.launcher.daemon.server.exec.BuildCommandOnly.execute(Lorg/gradle/launcher/daemon/server/api/DaemonCommandExecution;)V+49
j  org.gradle.launcher.daemon.server.api.DaemonCommandExecution.proceed()Z+23
j  org.gradle.launcher.daemon.server.exec.StartBuildOrRespondWithBusy$1.run()V+44
j  org.gradle.launcher.daemon.server.DaemonStateCoordinator$1.run()V+4
j  org.gradle.internal.concurrent.ExecutorPolicy$CatchAndRecordFailures.onExecute(Ljava/lang/Runnable;)V+1
j  org.gradle.internal.concurrent.ManagedExecutorImpl$1.run()V+25
j  java.util.concurrent.ThreadPoolExecutor.runWorker(Ljava/util/concurrent/ThreadPoolExecutor$Worker;)V+92 java.base@17.0.6
j  java.util.concurrent.ThreadPoolExecutor$Worker.run()V+5 java.base@17.0.6
j  java.lang.Thread.run()V+11 java.base@17.0.6
v  ~StubRoutines::call_stub

siginfo: EXCEPTION_ACCESS_VIOLATION (0xc0000005), reading address 0x0000000000000208


Register to memory mapping:

RIP=0x00007ffd8d766b53 jvm.dll
RAX=0x0000000000000003 is an unknown value
RBX=0x0000017bdac1f0a0 is a thread
RCX=0x0 is NULL
RDX=0x0000000000000003 is an unknown value
RSP=0x0000003200df3028 is pointing into the stack for thread: 0x0000017bdac1f0a0
RBP=0x0000003200df3090 is pointing into the stack for thread: 0x0000017bdac1f0a0
RSI=0x0000003200df30f8 is pointing into the stack for thread: 0x0000017bdac1f0a0
RDI=0x0000000000000003 is an unknown value
R8 =0x00000001000410c0 is a pointer to class: 
java.lang.Object {0x00000001000410c8}
 - instance size:     2
 - klass size:        69
 - access:            public synchronized 
 - state:             fully_initialized
 - name:              'java/lang/Object'
 - super:             NULL
 - sub:               'java/util/stream/StreamSpliterators$WrappingSpliterator$$Lambda$466+0x000000010055a370'   'java/util/function/BooleanSupplier'   'java/util/stream/StreamSpliterators$WrappingSpliterator$$Lambda$465+0x0000000100559e80'   'jdk/internal/jrtfs/JrtDirectoryStream$1'   (5474 more klasses...)
 - arrays:            'java/lang/Object'[]
 - methods:           Array<T>(0x0000017bd9c00458)
 - method ordering:   Array<T>(0x0000017bd9c00018)
 - default_methods:   Array<T>(0x0000000000000000)
 - local interfaces:  Array<T>(0x0000017bd9c00058)
 - trans. interfaces: Array<T>(0x0000017bd9c00058)
 - constants:         constant pool [92] {0x0000017bd9c000d8} for 'java/lang/Object' cache=0x0000017bd9d3fc50
 - class loader data:  loader data: 0x0000017bbf70ef10 of 'bootstrap'
 - source file:       'Object.java'
 - class annotations:       Array<T>(0x0000000000000000)
 - class type annotations:  Array<T>(0x0000000000000000)
 - field annotations:       Array<T>(0x0000000000000000)
 - field type annotations:  Array<T>(0x0000000000000000)
 - inner classes:     Array<T>(0x0000017bd9c00028)
 - nest members:     Array<T>(0x0000017bd9c00028)
 - permitted subclasses:     Array<T>(0x0000017bd9c00028)
 - java mirror:       a 'java/lang/Class'{0x00000000808003e0} = 'java/lang/Object'
 - vtable length      5  (start addr: 0x00000001000412b0)
 - itable length      2 (start addr: 0x00000001000412d8)
 - ---- static fields (0 words):
 - ---- non-static fields (0 words):
 - non-static oop maps: 
R9 =0x0000017bdcf873c0 points into unknown readable memory: 0x000000008153bd58 | 58 bd 53 81 00 00 00 00
R10=0x0000017bdb91f130 points into unknown readable memory: 0x000000800000000f | 0f 00 00 00 80 00 00 00
R11={method} {0x0000017bd9c00690} 'hashCode' '()I' in 'java/lang/Object'
R12=0x0000003200df4580 is pointing into the stack for thread: 0x0000017bdac1f0a0
R13=0x00000001000410c0 is a pointer to class: 
java.lang.Object {0x00000001000410c8}
 - instance size:     2
 - klass size:        69
 - access:            public synchronized 
 - state:             fully_initialized
 - name:              'java/lang/Object'
 - super:             NULL
 - sub:               'java/util/stream/StreamSpliterators$WrappingSpliterator$$Lambda$466+0x000000010055a370'   'java/util/function/BooleanSupplier'   'java/util/stream/StreamSpliterators$WrappingSpliterator$$Lambda$465+0x0000000100559e80'   'jdk/internal/jrtfs/JrtDirectoryStream$1'   (5474 more klasses...)
 - arrays:            'java/lang/Object'[]
 - methods:           Array<T>(0x0000017bd9c00458)
 - method ordering:   Array<T>(0x0000017bd9c00018)
 - default_methods:   Array<T>(0x0000000000000000)
 - local interfaces:  Array<T>(0x0000017bd9c00058)
 - trans. interfaces: Array<T>(0x0000017bd9c00058)
 - constants:         constant pool [92] {0x0000017bd9c000d8} for 'java/lang/Object' cache=0x0000017bd9d3fc50
 - class loader data:  loader data: 0x0000017bbf70ef10 of 'bootstrap'
 - source file:       'Object.java'
 - class annotations:       Array<T>(0x0000000000000000)
 - class type annotations:  Array<T>(0x0000000000000000)
 - field annotations:       Array<T>(0x0000000000000000)
 - field type annotations:  Array<T>(0x0000000000000000)
 - inner classes:     Array<T>(0x0000017bd9c00028)
 - nest members:     Array<T>(0x0000017bd9c00028)
 - permitted subclasses:     Array<T>(0x0000017bd9c00028)
 - java mirror:       a 'java/lang/Class'{0x00000000808003e0} = 'java/lang/Object'
 - vtable length      5  (start addr: 0x00000001000412b0)
 - itable length      2 (start addr: 0x00000001000412d8)
 - ---- static fields (0 words):
 - ---- non-static fields (0 words):
 - non-static oop maps: 
R14=0x0 is NULL
R15=0x0000003200df4580 is pointing into the stack for thread: 0x0000017bdac1f0a0


Registers:
RAX=0x0000000000000003, RBX=0x0000017bdac1f0a0, RCX=0x0000000000000000, RDX=0x0000000000000003
RSP=0x0000003200df3028, RBP=0x0000003200df3090, RSI=0x0000003200df30f8, RDI=0x0000000000000003
R8 =0x00000001000410c0, R9 =0x0000017bdcf873c0, R10=0x0000017bdb91f130, R11=0x0000017bd9c00688
R12=0x0000003200df4580, R13=0x00000001000410c0, R14=0x0000000000000000, R15=0x0000003200df4580
RIP=0x00007ffd8d766b53, EFLAGS=0x0000000000010217

Top of Stack: (sp=0x0000003200df3028)
0x0000003200df3028:   00007ffd8d78aedf 0000003200df30a9
0x0000003200df3038:   00007ffd8d789b94 0000017bd9d9fe38
0x0000003200df3048:   0000017bdac1f0a0 0000003200df3108
0x0000003200df3058:   00007ffd8d785f6b 000015f93ef68b87
0x0000003200df3068:   0000000000000000 0000000000000000
0x0000003200df3078:   0000003200df4580 0000000000000000
0x0000003200df3088:   0000003200df4580 0000003200df4544
0x0000003200df3098:   0000000000000000 0000003200df30f9
0x0000003200df30a8:   00007ffd8d788f78 0000017bdcf873c0
0x0000003200df30b8:   0000000000000000 0000003200df4580
0x0000003200df30c8:   0000017bdac1f0a0 0000000000000000
0x0000003200df30d8:   0000000000000001 0000017bdac1f0a0
0x0000003200df30e8:   00007ffd8d4edc47 0000017bd9c00688
0x0000003200df30f8:   0000017bd9c00688 0000017bdac1f0a0
0x0000003200df3108:   0000017bd9798688 0000017bd979a1d0
0x0000003200df3118:   00000001000410c0 0000000100061ae0 

Instructions: (pc=0x00007ffd8d766b53)
0x00007ffd8d766a53:   8d 8e 88 00 00 00 c7 40 08 02 00 00 00 48 89 48
0x00007ffd8d766a63:   20 c6 40 0c 00 48 89 58 10 48 89 58 18 4c 89 38
0x00007ffd8d766a73:   eb 03 48 8b c3 48 8b d0 49 8b ce e8 0d 46 0e 00
0x00007ffd8d766a83:   45 33 c0 41 8d 50 17 8d 4a 11 e8 0e f9 b5 ff 48
0x00007ffd8d766a93:   85 c0 74 23 48 8d 8e 90 00 00 00 c7 40 08 02 00
0x00007ffd8d766aa3:   00 00 48 89 48 20 c6 40 0c 00 48 89 58 10 48 89
0x00007ffd8d766ab3:   58 18 4c 89 38 eb 03 48 8b c3 48 8b d0 49 8b ce
0x00007ffd8d766ac3:   e8 c8 45 0e 00 83 be a0 00 00 00 00 8b fb 4c 8b
0x00007ffd8d766ad3:   7c 24 48 7e 5b 48 8d 2d 99 b8 42 00 90 45 33 c0
0x00007ffd8d766ae3:   41 8d 50 17 8d 4a 11 e8 b1 f8 b5 ff 48 85 c0 74
0x00007ffd8d766af3:   27 48 63 d7 48 83 c2 3e c7 40 08 02 00 00 00 c6
0x00007ffd8d766b03:   40 0c 00 48 89 58 10 48 89 58 18 48 8d 14 d6 48
0x00007ffd8d766b13:   89 28 48 89 50 20 eb 03 48 8b c3 48 8b d0 49 8b
0x00007ffd8d766b23:   ce e8 67 45 0e 00 ff c7 3b be a0 00 00 00 7c ad
0x00007ffd8d766b33:   48 8b 5c 24 50 48 8b 6c 24 58 48 83 c4 20 41 5e
0x00007ffd8d766b43:   5f 5e c3 cc cc cc cc cc cc cc cc cc cc 48 63 c2
0x00007ffd8d766b53:   48 8b 84 c1 f0 01 00 00 c3 cc cc cc cc 48 89 5c
0x00007ffd8d766b63:   24 08 48 89 6c 24 10 48 89 74 24 18 57 41 54 41
0x00007ffd8d766b73:   55 41 56 41 57 48 83 ec 20 48 8b 99 88 00 00 00
0x00007ffd8d766b83:   44 0f b6 e2 48 85 db 0f 84 32 01 00 00 8b 0d 22
0x00007ffd8d766b93:   8e 68 00 65 48 8b 04 25 58 00 00 00 be 50 00 00
0x00007ffd8d766ba3:   00 bd 20 00 00 00 4c 8d 2c c8 0f 1f 00 48 8b 8b
0x00007ffd8d766bb3:   98 00 00 00 e8 94 13 cb ff 84 c0 0f 85 1d 01 00
0x00007ffd8d766bc3:   00 45 84 e4 0f 84 e5 00 00 00 48 8b 15 8c a8 64
0x00007ffd8d766bd3:   00 48 85 d2 0f 84 d5 00 00 00 49 8b 7d 00 8b c6
0x00007ffd8d766be3:   80 3c 38 00 75 0c e8 e2 6e 35 00 48 8b 15 6b a8
0x00007ffd8d766bf3:   64 00 8b c5 48 8b 0c 38 48 8b b9 30 02 00 00 48
0x00007ffd8d766c03:   8b 77 10 48 8b 6f 18 4c 8b 77 20 4c 8b 7f 28 48
0x00007ffd8d766c13:   85 d2 74 6c 8b 43 08 85 c0 7e 18 8b 83 a4 00 00
0x00007ffd8d766c23:   00 c1 e8 1a a8 01 74 32 48 8b 4b 18 e8 dc f3 ff
0x00007ffd8d766c33:   ff eb 3e 3d 00 00 00 c0 7d 20 48 8b 83 10 01 00
0x00007ffd8d766c43:   00 8b 88 a4 00 00 00 c1 e9 1a f6 c1 01 74 0b 48 


Stack slot to memory mapping:
stack at sp + 0 slots: 0x00007ffd8d78aedf jvm.dll
stack at sp + 1 slots: 0x0000003200df30a9 is pointing into the stack for thread: 0x0000017bdac1f0a0
stack at sp + 2 slots: 0x00007ffd8d789b94 jvm.dll
stack at sp + 3 slots: 0x0000017bd9d9fe38 is pointing into metadata
stack at sp + 4 slots: 0x0000017bdac1f0a0 is a thread
stack at sp + 5 slots: 0x0000003200df3108 is pointing into the stack for thread: 0x0000017bdac1f0a0
stack at sp + 6 slots: 0x00007ffd8d785f6b jvm.dll
stack at sp + 7 slots: 0x000015f93ef68b87 is an unknown value


---------------  P R O C E S S  ---------------

Threads class SMR info:
_java_thread_list=0x0000017bdf98dbf0, length=37, elements={
0x0000017bbf64a2b0, 0x0000017bd98f28e0, 0x0000017bd98c3860, 0x0000017bd98ce410,
0x0000017bd98cefc0, 0x0000017bd98cfa70, 0x0000017bda430420, 0x0000017bda430c20,
0x0000017bda451390, 0x0000017bda4518a0, 0x0000017bda5eb740, 0x0000017bda5f1ca0,
0x0000017bda5edcd0, 0x0000017bda5ecda0, 0x0000017bdac1f570, 0x0000017bdac1fa40,
0x0000017bdac1ebd0, 0x0000017bdac1e700, 0x0000017bdac1dd60, 0x0000017bdac1ff10,
0x0000017bdac1f0a0, 0x0000017bdac203e0, 0x0000017bdac208b0, 0x0000017bdac20d80,
0x0000017bdac1d890, 0x0000017bdcb50fa0, 0x0000017bdcb50130, 0x0000017bdcb51470,
0x0000017bdcb4d110, 0x0000017bdcb522e0, 0x0000017bdcb4df80, 0x0000017bdcb53620,
0x0000017bdcb51e10, 0x0000017bdcb4d5e0, 0x0000017bdcb50600, 0x0000017bdcb4dab0,
0x0000017bdcb4e450
}

Java Threads: ( => current thread )
  0x0000017bbf64a2b0 JavaThread "main" [_thread_blocked, id=8004, stack(0x000000327ee00000,0x000000327ef00000)]
  0x0000017bd98f28e0 JavaThread "Reference Handler" daemon [_thread_blocked, id=19504, stack(0x000000327f500000,0x000000327f600000)]
  0x0000017bd98c3860 JavaThread "Finalizer" daemon [_thread_blocked, id=25372, stack(0x000000327f600000,0x000000327f700000)]
  0x0000017bd98ce410 JavaThread "Signal Dispatcher" daemon [_thread_blocked, id=13360, stack(0x000000327f700000,0x000000327f800000)]
  0x0000017bd98cefc0 JavaThread "Attach Listener" daemon [_thread_blocked, id=19668, stack(0x000000327f800000,0x000000327f900000)]
  0x0000017bd98cfa70 JavaThread "Service Thread" daemon [_thread_blocked, id=25368, stack(0x000000327f900000,0x000000327fa00000)]
  0x0000017bda430420 JavaThread "Monitor Deflation Thread" daemon [_thread_blocked, id=19248, stack(0x000000327fa00000,0x000000327fb00000)]
  0x0000017bda430c20 JavaThread "C2 CompilerThread0" daemon [_thread_in_native, id=1904, stack(0x000000327fb00000,0x000000327fc00000)]
  0x0000017bda451390 JavaThread "C1 CompilerThread0" daemon [_thread_blocked, id=18556, stack(0x000000327fc00000,0x000000327fd00000)]
  0x0000017bda4518a0 JavaThread "Sweeper thread" daemon [_thread_blocked, id=9092, stack(0x000000327fd00000,0x000000327fe00000)]
  0x0000017bda5eb740 JavaThread "Common-Cleaner" daemon [_thread_blocked, id=19140, stack(0x000000327fe00000,0x000000327ff00000)]
  0x0000017bda5f1ca0 JavaThread "Notification Thread" daemon [_thread_blocked, id=10692, stack(0x000000327ff00000,0x0000003280000000)]
  0x0000017bda5edcd0 JavaThread "C2 CompilerThread1" daemon [_thread_blocked, id=24324, stack(0x0000003200100000,0x0000003200200000)]
  0x0000017bda5ecda0 JavaThread "C2 CompilerThread2" daemon [_thread_blocked, id=19312, stack(0x0000003200200000,0x0000003200300000)]
  0x0000017bdac1f570 JavaThread "Daemon health stats" [_thread_blocked, id=14840, stack(0x0000003200700000,0x0000003200800000)]
  0x0000017bdac1fa40 JavaThread "Incoming local TCP Connector on port 57733" [_thread_in_native, id=20072, stack(0x0000003200800000,0x0000003200900000)]
  0x0000017bdac1ebd0 JavaThread "Daemon periodic checks" [_thread_blocked, id=9944, stack(0x0000003200900000,0x0000003200a00000)]
  0x0000017bdac1e700 JavaThread "Daemon" [_thread_blocked, id=17220, stack(0x0000003200a00000,0x0000003200b00000)]
  0x0000017bdac1dd60 JavaThread "Handler for socket connection from /127.0.0.1:57733 to /127.0.0.1:57734" [_thread_in_native, id=22264, stack(0x0000003200b00000,0x0000003200c00000)]
  0x0000017bdac1ff10 JavaThread "Cancel handler" [_thread_blocked, id=11652, stack(0x0000003200c00000,0x0000003200d00000)]
=>0x0000017bdac1f0a0 JavaThread "Daemon worker" [_thread_in_vm, id=24104, stack(0x0000003200d00000,0x0000003200e00000)]
  0x0000017bdac203e0 JavaThread "Asynchronous log dispatcher for DefaultDaemonConnection: socket connection from /127.0.0.1:57733 to /127.0.0.1:57734" [_thread_blocked, id=18364, stack(0x0000003200e00000,0x0000003200f00000)]
  0x0000017bdac208b0 JavaThread "Stdin handler" [_thread_blocked, id=14420, stack(0x0000003200f00000,0x0000003201000000)]
  0x0000017bdac20d80 JavaThread "Daemon client event forwarder" [_thread_blocked, id=7296, stack(0x0000003201000000,0x0000003201100000)]
  0x0000017bdac1d890 JavaThread "Cache worker for journal cache (C:\Users\Anton\.gradle\caches\journal-1)" [_thread_blocked, id=9248, stack(0x0000003201800000,0x0000003201900000)]
  0x0000017bdcb50fa0 JavaThread "File lock request listener" [_thread_in_native, id=5356, stack(0x0000003201900000,0x0000003201a00000)]
  0x0000017bdcb50130 JavaThread "Cache worker for file hash cache (C:\Users\Anton\.gradle\caches\8.0\fileHashes)" [_thread_blocked, id=15136, stack(0x0000003201a00000,0x0000003201b00000)]
  0x0000017bdcb51470 JavaThread "File watcher server" daemon [_thread_in_native, id=18600, stack(0x0000003201b00000,0x0000003201c00000)]
  0x0000017bdcb4d110 JavaThread "File watcher consumer" daemon [_thread_blocked, id=19796, stack(0x0000003201c00000,0x0000003201d00000)]
  0x0000017bdcb522e0 JavaThread "Cache worker for checksums cache (C:\Users\Anton\Desktop\Groceries2\.gradle\8.0\checksums)" [_thread_blocked, id=21752, stack(0x0000003201d00000,0x0000003201e00000)]
  0x0000017bdcb4df80 JavaThread "Cache worker for cache directory md-rule (C:\Users\Anton\.gradle\caches\8.0\md-rule)" [_thread_blocked, id=23888, stack(0x0000003201e00000,0x0000003201f00000)]
  0x0000017bdcb53620 JavaThread "Cache worker for file content cache (C:\Users\Anton\.gradle\caches\8.0\fileContent)" [_thread_blocked, id=12356, stack(0x0000003201f00000,0x0000003202000000)]
  0x0000017bdcb51e10 JavaThread "Cache worker for file hash cache (C:\Users\Anton\Desktop\Groceries2\.gradle\8.0\fileHashes)" [_thread_blocked, id=4484, stack(0x0000003202000000,0x0000003202100000)]
  0x0000017bdcb4d5e0 JavaThread "Cache worker for cache directory md-supplier (C:\Users\Anton\.gradle\caches\8.0\md-supplier)" [_thread_blocked, id=3588, stack(0x0000003202100000,0x0000003202200000)]
  0x0000017bdcb50600 JavaThread "Cache worker for execution history cache (C:\Users\Anton\.gradle\caches\8.0\executionHistory)" [_thread_blocked, id=3376, stack(0x0000003202200000,0x0000003202300000)]
  0x0000017bdcb4dab0 JavaThread "jar transforms" [_thread_blocked, id=16124, stack(0x0000003202300000,0x0000003202400000)]
  0x0000017bdcb4e450 JavaThread "jar transforms Thread 2" [_thread_blocked, id=18648, stack(0x0000003202400000,0x0000003202500000)]

Other Threads:
  0x0000017bd98efd40 VMThread "VM Thread" [stack: 0x000000327f400000,0x000000327f500000] [id=19408]
  0x0000017bbf6bce90 WatcherThread [stack: 0x0000003200000000,0x0000003200100000] [id=24996]
  0x0000017bbf6a4ab0 GCTaskThread "GC Thread#0" [stack: 0x000000327ef00000,0x000000327f000000] [id=7360]
  0x0000017bdb2a7790 GCTaskThread "GC Thread#1" [stack: 0x0000003200300000,0x0000003200400000] [id=21240]
  0x0000017bdb14a060 GCTaskThread "GC Thread#2" [stack: 0x0000003200400000,0x0000003200500000] [id=8488]
  0x0000017bdb1037c0 GCTaskThread "GC Thread#3" [stack: 0x0000003200500000,0x0000003200600000] [id=16192]
  0x0000017bdb9cd380 GCTaskThread "GC Thread#4" [stack: 0x0000003200600000,0x0000003200700000] [id=16728]
  0x0000017bdb71da90 GCTaskThread "GC Thread#5" [stack: 0x0000003201100000,0x0000003201200000] [id=11504]
  0x0000017bdd18f5b0 GCTaskThread "GC Thread#6" [stack: 0x0000003201200000,0x0000003201300000] [id=19568]
  0x0000017bdd18f860 GCTaskThread "GC Thread#7" [stack: 0x0000003201300000,0x0000003201400000] [id=23308]
  0x0000017bdbcb7360 GCTaskThread "GC Thread#8" [stack: 0x0000003201400000,0x0000003201500000] [id=11120]
  0x0000017bdbcb7610 GCTaskThread "GC Thread#9" [stack: 0x0000003201500000,0x0000003201600000] [id=19956]
  0x0000017bbf6b59f0 ConcurrentGCThread "G1 Main Marker" [stack: 0x000000327f000000,0x000000327f100000] [id=19700]
  0x0000017bbf6b6400 ConcurrentGCThread "G1 Conc#0" [stack: 0x000000327f100000,0x000000327f200000] [id=1596]
  0x0000017bdcb71ef0 ConcurrentGCThread "G1 Conc#1" [stack: 0x0000003201600000,0x0000003201700000] [id=11804]
  0x0000017bdbb47820 ConcurrentGCThread "G1 Conc#2" [stack: 0x0000003201700000,0x0000003201800000] [id=17368]
  0x0000017bbf70dd00 ConcurrentGCThread "G1 Refine#0" [stack: 0x000000327f200000,0x000000327f300000] [id=19788]
  0x0000017bbf70e720 ConcurrentGCThread "G1 Service" [stack: 0x000000327f300000,0x000000327f400000] [id=1884]

Threads with active compile tasks:
C2 CompilerThread0     2797 3440       4       java.util.regex.Pattern::compile (500 bytes)

VM state: not at safepoint (normal execution)

VM Mutex/Monitor currently owned by a thread: None

Heap address: 0x0000000080000000, size: 2048 MB, Compressed Oops mode: 32-bit

CDS archive(s) not mapped
Compressed class space mapped at: 0x0000000100000000-0x0000000140000000, reserved size: 1073741824
Narrow klass base: 0x0000000000000000, Narrow klass shift: 3, Narrow klass range: 0x140000000

GC Precious Log:
 CPUs: 12 total, 12 available
 Memory: 7830M
 Large Page Support: Disabled
 NUMA Support: Disabled
 Compressed Oops: Enabled (32-bit)
 Heap Region Size: 1M
 Heap Min Capacity: 8M
 Heap Initial Capacity: 124M
 Heap Max Capacity: 2G
 Pre-touch: Disabled
 Parallel Workers: 10
 Concurrent Workers: 3
 Concurrent Refinement Workers: 10
 Periodic GC: Disabled

Heap:
 garbage-first heap   total 81920K, used 51327K [0x0000000080000000, 0x0000000100000000)
  region size 1024K, 33 young (33792K), 4 survivors (4096K)
 Metaspace       used 40327K, committed 40704K, reserved 1089536K
  class space    used 5356K, committed 5504K, reserved 1048576K

Heap Regions: E=young(eden), S=young(survivor), O=old, HS=humongous(starts), HC=humongous(continues), CS=collection set, F=free, OA=open archive, CA=closed archive, TAMS=top-at-mark-start (previous, next)
|   0|0x0000000080000000, 0x0000000080100000, 0x0000000080100000|100%|HS|  |TAMS 0x0000000080100000, 0x0000000080000000| Complete 
|   1|0x0000000080100000, 0x0000000080200000, 0x0000000080200000|100%|HC|  |TAMS 0x0000000080200000, 0x0000000080100000| Complete 
|   2|0x0000000080200000, 0x0000000080300000, 0x0000000080300000|100%|HC|  |TAMS 0x0000000080300000, 0x0000000080200000| Complete 
|   3|0x0000000080300000, 0x0000000080400000, 0x0000000080400000|100%|HC|  |TAMS 0x0000000080400000, 0x0000000080300000| Complete 
|   4|0x0000000080400000, 0x0000000080500000, 0x0000000080500000|100%| O|  |TAMS 0x0000000080500000, 0x0000000080400000| Untracked 
|   5|0x0000000080500000, 0x0000000080600000, 0x0000000080600000|100%| O|  |TAMS 0x0000000080600000, 0x0000000080500000| Untracked 
|   6|0x0000000080600000, 0x0000000080700000, 0x0000000080700000|100%| O|  |TAMS 0x0000000080700000, 0x0000000080600000| Untracked 
|   7|0x0000000080700000, 0x0000000080800000, 0x0000000080800000|100%| O|  |TAMS 0x0000000080800000, 0x0000000080700000| Untracked 
|   8|0x0000000080800000, 0x0000000080900000, 0x0000000080900000|100%| O|  |TAMS 0x0000000080900000, 0x0000000080800000| Untracked 
|   9|0x0000000080900000, 0x0000000080a00000, 0x0000000080a00000|100%| O|  |TAMS 0x0000000080a00000, 0x0000000080900000| Untracked 
|  10|0x0000000080a00000, 0x0000000080b00000, 0x0000000080b00000|100%| O|  |TAMS 0x0000000080b00000, 0x0000000080a00000| Untracked 
|  11|0x0000000080b00000, 0x0000000080b00000, 0x0000000080c00000|  0%| F|  |TAMS 0x0000000080b00000, 0x0000000080b00000| Untracked 
|  12|0x0000000080c00000, 0x0000000080d00000, 0x0000000080d00000|100%| O|  |TAMS 0x0000000080d00000, 0x0000000080c00000| Untracked 
|  13|0x0000000080d00000, 0x0000000080e00000, 0x0000000080e00000|100%| O|  |TAMS 0x0000000080e00000, 0x0000000080d00000| Untracked 
|  14|0x0000000080e00000, 0x0000000080f00000, 0x0000000080f00000|100%| O|  |TAMS 0x0000000080f00000, 0x0000000080e00000| Untracked 
|  15|0x0000000080f00000, 0x0000000081000000, 0x0000000081000000|100%| O|  |TAMS 0x0000000081000000, 0x0000000080f00000| Untracked 
|  16|0x0000000081000000, 0x0000000081100000, 0x0000000081100000|100%| O|  |TAMS 0x0000000081100000, 0x0000000081000000| Untracked 
|  17|0x0000000081100000, 0x0000000081200000, 0x0000000081200000|100%| O|  |TAMS 0x0000000081200000, 0x0000000081100000| Untracked 
|  18|0x0000000081200000, 0x0000000081300000, 0x0000000081300000|100%| O|  |TAMS 0x0000000081300000, 0x0000000081200000| Untracked 
|  19|0x0000000081300000, 0x0000000081400000, 0x0000000081400000|100%| O|  |TAMS 0x0000000081400000, 0x0000000081300000| Untracked 
|  20|0x0000000081400000, 0x000000008147ea00, 0x0000000081500000| 49%| O|  |TAMS 0x000000008147ea00, 0x0000000081400000| Complete 
|  21|0x0000000081500000, 0x0000000081500000, 0x0000000081600000|  0%| F|  |TAMS 0x0000000081500000, 0x0000000081500000| Untracked 
|  22|0x0000000081600000, 0x0000000081600000, 0x0000000081700000|  0%| F|  |TAMS 0x0000000081600000, 0x0000000081600000| Untracked 
|  23|0x0000000081700000, 0x0000000081700000, 0x0000000081800000|  0%| F|  |TAMS 0x0000000081700000, 0x0000000081700000| Untracked 
|  24|0x0000000081800000, 0x0000000081800000, 0x0000000081900000|  0%| F|  |TAMS 0x0000000081800000, 0x0000000081800000| Untracked 
|  25|0x0000000081900000, 0x0000000081900000, 0x0000000081a00000|  0%| F|  |TAMS 0x0000000081900000, 0x0000000081900000| Untracked 
|  26|0x0000000081a00000, 0x0000000081a00000, 0x0000000081b00000|  0%| F|  |TAMS 0x0000000081a00000, 0x0000000081a00000| Untracked 
|  27|0x0000000081b00000, 0x0000000081b00000, 0x0000000081c00000|  0%| F|  |TAMS 0x0000000081b00000, 0x0000000081b00000| Untracked 
|  28|0x0000000081c00000, 0x0000000081c00000, 0x0000000081d00000|  0%| F|  |TAMS 0x0000000081c00000, 0x0000000081c00000| Untracked 
|  29|0x0000000081d00000, 0x0000000081d00000, 0x0000000081e00000|  0%| F|  |TAMS 0x0000000081d00000, 0x0000000081d00000| Untracked 
|  30|0x0000000081e00000, 0x0000000081e00000, 0x0000000081f00000|  0%| F|  |TAMS 0x0000000081e00000, 0x0000000081e00000| Untracked 
|  31|0x0000000081f00000, 0x0000000081f00000, 0x0000000082000000|  0%| F|  |TAMS 0x0000000081f00000, 0x0000000081f00000| Untracked 
|  32|0x0000000082000000, 0x0000000082000000, 0x0000000082100000|  0%| F|  |TAMS 0x0000000082000000, 0x0000000082000000| Untracked 
|  33|0x0000000082100000, 0x0000000082100000, 0x0000000082200000|  0%| F|  |TAMS 0x0000000082100000, 0x0000000082100000| Untracked 
|  34|0x0000000082200000, 0x0000000082200000, 0x0000000082300000|  0%| F|  |TAMS 0x0000000082200000, 0x0000000082200000| Untracked 
|  35|0x0000000082300000, 0x0000000082300000, 0x0000000082400000|  0%| F|  |TAMS 0x0000000082300000, 0x0000000082300000| Untracked 
|  36|0x0000000082400000, 0x0000000082400000, 0x0000000082500000|  0%| F|  |TAMS 0x0000000082400000, 0x0000000082400000| Untracked 
|  37|0x0000000082500000, 0x0000000082500000, 0x0000000082600000|  0%| F|  |TAMS 0x0000000082500000, 0x0000000082500000| Untracked 
|  38|0x0000000082600000, 0x0000000082600000, 0x0000000082700000|  0%| F|  |TAMS 0x0000000082600000, 0x0000000082600000| Untracked 
|  39|0x0000000082700000, 0x0000000082700000, 0x0000000082800000|  0%| F|  |TAMS 0x0000000082700000, 0x0000000082700000| Untracked 
|  40|0x0000000082800000, 0x0000000082800000, 0x0000000082900000|  0%| F|  |TAMS 0x0000000082800000, 0x0000000082800000| Untracked 
|  41|0x0000000082900000, 0x0000000082900000, 0x0000000082a00000|  0%| F|  |TAMS 0x0000000082900000, 0x0000000082900000| Untracked 
|  42|0x0000000082a00000, 0x0000000082a00000, 0x0000000082b00000|  0%| F|  |TAMS 0x0000000082a00000, 0x0000000082a00000| Untracked 
|  43|0x0000000082b00000, 0x0000000082b00000, 0x0000000082c00000|  0%| F|  |TAMS 0x0000000082b00000, 0x0000000082b00000| Untracked 
|  44|0x0000000082c00000, 0x0000000082c00000, 0x0000000082d00000|  0%| F|  |TAMS 0x0000000082c00000, 0x0000000082c00000| Untracked 
|  45|0x0000000082d00000, 0x0000000082d00000, 0x0000000082e00000|  0%| F|  |TAMS 0x0000000082d00000, 0x0000000082d00000| Untracked 
|  46|0x0000000082e00000, 0x0000000082e00000, 0x0000000082f00000|  0%| F|  |TAMS 0x0000000082e00000, 0x0000000082e00000| Untracked 
|  47|0x0000000082f00000, 0x0000000082f00800, 0x0000000083000000|  0%| E|  |TAMS 0x0000000082f00000, 0x0000000082f00000| Complete 
|  48|0x0000000083000000, 0x0000000083100000, 0x0000000083100000|100%| E|CS|TAMS 0x0000000083000000, 0x0000000083000000| Complete 
|  49|0x0000000083100000, 0x0000000083200000, 0x0000000083200000|100%| E|CS|TAMS 0x0000000083100000, 0x0000000083100000| Complete 
|  50|0x0000000083200000, 0x0000000083300000, 0x0000000083300000|100%| E|CS|TAMS 0x0000000083200000, 0x0000000083200000| Complete 
|  51|0x0000000083300000, 0x0000000083400000, 0x0000000083400000|100%| E|CS|TAMS 0x0000000083300000, 0x0000000083300000| Complete 
|  52|0x0000000083400000, 0x0000000083500000, 0x0000000083500000|100%| E|CS|TAMS 0x0000000083400000, 0x0000000083400000| Complete 
|  53|0x0000000083500000, 0x0000000083600000, 0x0000000083600000|100%| E|CS|TAMS 0x0000000083500000, 0x0000000083500000| Complete 
|  54|0x0000000083600000, 0x0000000083700000, 0x0000000083700000|100%| E|CS|TAMS 0x0000000083600000, 0x0000000083600000| Complete 
|  55|0x0000000083700000, 0x0000000083800000, 0x0000000083800000|100%| E|CS|TAMS 0x0000000083700000, 0x0000000083700000| Complete 
|  56|0x0000000083800000, 0x0000000083900000, 0x0000000083900000|100%| E|CS|TAMS 0x0000000083800000, 0x0000000083800000| Complete 
|  57|0x0000000083900000, 0x0000000083a00000, 0x0000000083a00000|100%| E|CS|TAMS 0x0000000083900000, 0x0000000083900000| Complete 
|  58|0x0000000083a00000, 0x0000000083b00000, 0x0000000083b00000|100%| E|CS|TAMS 0x0000000083a00000, 0x0000000083a00000| Complete 
|  59|0x0000000083b00000, 0x0000000083c00000, 0x0000000083c00000|100%| E|CS|TAMS 0x0000000083b00000, 0x0000000083b00000| Complete 
|  60|0x0000000083c00000, 0x0000000083d00000, 0x0000000083d00000|100%| E|CS|TAMS 0x0000000083c00000, 0x0000000083c00000| Complete 
|  61|0x0000000083d00000, 0x0000000083e00000, 0x0000000083e00000|100%| E|CS|TAMS 0x0000000083d00000, 0x0000000083d00000| Complete 
|  62|0x0000000083e00000, 0x0000000083f00000, 0x0000000083f00000|100%| E|CS|TAMS 0x0000000083e00000, 0x0000000083e00000| Complete 
|  63|0x0000000083f00000, 0x0000000084000000, 0x0000000084000000|100%| E|CS|TAMS 0x0000000083f00000, 0x0000000083f00000| Complete 
|  64|0x0000000084000000, 0x0000000084100000, 0x0000000084100000|100%| E|CS|TAMS 0x0000000084000000, 0x0000000084000000| Complete 
|  65|0x0000000084100000, 0x0000000084200000, 0x0000000084200000|100%| E|CS|TAMS 0x0000000084100000, 0x0000000084100000| Complete 
|  66|0x0000000084200000, 0x0000000084300000, 0x0000000084300000|100%| E|CS|TAMS 0x0000000084200000, 0x0000000084200000| Complete 
|  67|0x0000000084300000, 0x00000000843a13c8, 0x0000000084400000| 62%| S|CS|TAMS 0x0000000084300000, 0x0000000084300000| Complete 
|  68|0x0000000084400000, 0x0000000084500000, 0x0000000084500000|100%| S|CS|TAMS 0x0000000084400000, 0x0000000084400000| Complete 
|  69|0x0000000084500000, 0x0000000084600000, 0x0000000084600000|100%| S|CS|TAMS 0x0000000084500000, 0x0000000084500000| Complete 
|  70|0x0000000084600000, 0x0000000084700000, 0x0000000084700000|100%| S|CS|TAMS 0x0000000084600000, 0x0000000084600000| Complete 
|  71|0x0000000084700000, 0x0000000084800000, 0x0000000084800000|100%| E|  |TAMS 0x0000000084700000, 0x0000000084700000| Complete 
|  72|0x0000000084800000, 0x0000000084900000, 0x0000000084900000|100%| E|CS|TAMS 0x0000000084800000, 0x0000000084800000| Complete 
|  73|0x0000000084900000, 0x0000000084a00000, 0x0000000084a00000|100%| E|CS|TAMS 0x0000000084900000, 0x0000000084900000| Complete 
|  74|0x0000000084a00000, 0x0000000084b00000, 0x0000000084b00000|100%| E|CS|TAMS 0x0000000084a00000, 0x0000000084a00000| Complete 
|  75|0x0000000084b00000, 0x0000000084c00000, 0x0000000084c00000|100%| E|CS|TAMS 0x0000000084b00000, 0x0000000084b00000| Complete 
|  76|0x0000000084c00000, 0x0000000084d00000, 0x0000000084d00000|100%| E|CS|TAMS 0x0000000084c00000, 0x0000000084c00000| Complete 
|  77|0x0000000084d00000, 0x0000000084e00000, 0x0000000084e00000|100%| E|CS|TAMS 0x0000000084d00000, 0x0000000084d00000| Complete 
|  78|0x0000000084e00000, 0x0000000084f00000, 0x0000000084f00000|100%| E|CS|TAMS 0x0000000084e00000, 0x0000000084e00000| Complete 
|  79|0x0000000084f00000, 0x0000000085000000, 0x0000000085000000|100%| E|CS|TAMS 0x0000000084f00000, 0x0000000084f00000| Complete 

Card table byte_map: [0x0000017bd2460000,0x0000017bd2860000] _byte_map_base: 0x0000017bd2060000

Marking Bits (Prev, Next): (CMBitMap*) 0x0000017bbf6a50c0, (CMBitMap*) 0x0000017bbf6a5100
 Prev Bits: [0x0000017bd2c60000, 0x0000017bd4c60000)
 Next Bits: [0x0000017bd4c60000, 0x0000017bd6c60000)

Polling page: 0x0000017bbee10000

Metaspace:

Usage:
  Non-class:     34.15 MB used.
      Class:      5.23 MB used.
       Both:     39.38 MB used.

Virtual space:
  Non-class space:       40.00 MB reserved,      34.38 MB ( 86%) committed,  5 nodes.
      Class space:        1.00 GB reserved,       5.38 MB ( <1%) committed,  1 nodes.
             Both:        1.04 GB reserved,      39.75 MB (  4%) committed. 

Chunk freelists:
   Non-Class:  784.00 KB
       Class:  2.53 MB
        Both:  3.30 MB

MaxMetaspaceSize: unlimited
CompressedClassSpaceSize: 1.00 GB
Initial GC threshold: 21.00 MB
Current GC threshold: 58.88 MB
CDS: off
MetaspaceReclaimPolicy: balanced
 - commit_granule_bytes: 65536.
 - commit_granule_words: 8192.
 - virtual_space_node_default_size: 1048576.
 - enlarge_chunks_in_place: 1.
 - new_chunks_are_fully_committed: 0.
 - uncommit_free_chunks: 1.
 - use_allocation_guard: 0.
 - handle_deallocations: 1.


Internal statistics:

num_allocs_failed_limit: 6.
num_arena_births: 300.
num_arena_deaths: 0.
num_vsnodes_births: 6.
num_vsnodes_deaths: 0.
num_space_committed: 636.
num_space_uncommitted: 0.
num_chunks_returned_to_freelist: 6.
num_chunks_taken_from_freelist: 1410.
num_chunk_merges: 6.
num_chunk_splits: 938.
num_chunks_enlarged: 669.
num_purges: 0.
num_inconsistent_stats: 0.

CodeHeap 'non-profiled nmethods': size=120000Kb used=2063Kb max_used=2063Kb free=117936Kb
 bounds [0x0000017bca5e0000, 0x0000017bca850000, 0x0000017bd1b10000]
CodeHeap 'profiled nmethods': size=120000Kb used=6911Kb max_used=6911Kb free=113088Kb
 bounds [0x0000017bc2b10000, 0x0000017bc31d0000, 0x0000017bca040000]
CodeHeap 'non-nmethods': size=5760Kb used=1594Kb max_used=1630Kb free=4165Kb
 bounds [0x0000017bca040000, 0x0000017bca2b0000, 0x0000017bca5e0000]
 total_blobs=4126 nmethods=3480 adapters=558
 compilation: enabled
              stopped_count=0, restarted_count=0
 full_count=0

Compilation events (20 events):
Event: 2.765 Thread 0x0000017bda451390 3471       3       org.codehaus.groovy.vmplugin.v9.Java9$$Lambda$459/0x00000001005324d0::test (12 bytes)
Event: 2.765 Thread 0x0000017bda451390 nmethod 3471 0x0000017bc31cb010 code [0x0000017bc31cb1c0, 0x0000017bc31cb4c8]
Event: 2.765 Thread 0x0000017bda451390 3472       3       org.codehaus.groovy.vmplugin.v9.Java9::lambda$doFindClasses$1 (8 bytes)
Event: 2.765 Thread 0x0000017bda451390 nmethod 3472 0x0000017bc31cb610 code [0x0000017bc31cb7c0, 0x0000017bc31cb968]
Event: 2.765 Thread 0x0000017bda451390 3473       3       java.util.stream.Collectors$$Lambda$456/0x0000000100556da8::accept (17 bytes)
Event: 2.765 Thread 0x0000017bda451390 nmethod 3473 0x0000017bc31cba10 code [0x0000017bc31cbbc0, 0x0000017bc31cbe08]
Event: 2.765 Thread 0x0000017bda451390 3474       3       java.util.stream.Collectors::lambda$uniqKeysMapAccumulator$1 (49 bytes)
Event: 2.766 Thread 0x0000017bda451390 nmethod 3474 0x0000017bc31cbf10 code [0x0000017bc31cc100, 0x0000017bc31cc648]
Event: 2.766 Thread 0x0000017bda451390 3475       3       org.codehaus.groovy.vmplugin.v9.Java9$$Lambda$453/0x0000000100531d90::apply (10 bytes)
Event: 2.766 Thread 0x0000017bda451390 nmethod 3475 0x0000017bc31cc890 code [0x0000017bc31cca40, 0x0000017bc31ccd08]
Event: 2.766 Thread 0x0000017bda451390 3476       3       org.codehaus.groovy.vmplugin.v9.Java9$$Lambda$454/0x0000000100531ff0::apply (12 bytes)
Event: 2.766 Thread 0x0000017bda451390 nmethod 3476 0x0000017bc31cce10 code [0x0000017bc31ccfc0, 0x0000017bc31cd208]
Event: 2.766 Thread 0x0000017bda451390 3477       3       org.codehaus.groovy.vmplugin.v9.Java9::lambda$doFindClasses$3 (47 bytes)
Event: 2.766 Thread 0x0000017bda451390 nmethod 3477 0x0000017bc31cd310 code [0x0000017bc31cd5a0, 0x0000017bc31ce388]
Event: 2.766 Thread 0x0000017bda451390 3480       3       org.codehaus.groovy.vmplugin.v9.Java9$$Lambda$459/0x00000001005324d0::<init> (10 bytes)
Event: 2.766 Thread 0x0000017bda451390 nmethod 3480 0x0000017bc31ce810 code [0x0000017bc31ce9a0, 0x0000017bc31ceb58]
Event: 2.766 Thread 0x0000017bda451390 3481       3       org.codehaus.groovy.vmplugin.v9.Java9$$Lambda$460/0x0000000100532748::apply (8 bytes)
Event: 2.766 Thread 0x0000017bda451390 nmethod 3481 0x0000017bc31cec10 code [0x0000017bc31cee20, 0x0000017bc31cf328]
Event: 2.766 Thread 0x0000017bda451390 3482       3       org.codehaus.groovy.vmplugin.v9.Java9::lambda$doFindClasses$2 (28 bytes)
Event: 2.766 Thread 0x0000017bda451390 nmethod 3482 0x0000017bc31cf510 code [0x0000017bc31cf740, 0x0000017bc31cfcb8]

GC Heap History (14 events):
Event: 0.451 GC heap before
{Heap before GC invocations=0 (full 0):
 garbage-first heap   total 126976K, used 26624K [0x0000000080000000, 0x0000000100000000)
  region size 1024K, 23 young (23552K), 0 survivors (0K)
 Metaspace       used 10259K, committed 10432K, reserved 1064960K
  class space    used 1058K, committed 1152K, reserved 1048576K
}
Event: 0.456 GC heap after
{Heap after GC invocations=1 (full 0):
 garbage-first heap   total 126976K, used 10218K [0x0000000080000000, 0x0000000100000000)
  region size 1024K, 3 young (3072K), 3 survivors (3072K)
 Metaspace       used 10259K, committed 10432K, reserved 1064960K
  class space    used 1058K, committed 1152K, reserved 1048576K
}
Event: 0.685 GC heap before
{Heap before GC invocations=1 (full 0):
 garbage-first heap   total 126976K, used 40938K [0x0000000080000000, 0x0000000100000000)
  region size 1024K, 32 young (32768K), 3 survivors (3072K)
 Metaspace       used 11202K, committed 11456K, reserved 1064960K
  class space    used 1163K, committed 1280K, reserved 1048576K
}
Event: 0.693 GC heap after
{Heap after GC invocations=2 (full 0):
 garbage-first heap   total 126976K, used 14489K [0x0000000080000000, 0x0000000100000000)
  region size 1024K, 4 young (4096K), 4 survivors (4096K)
 Metaspace       used 11202K, committed 11456K, reserved 1064960K
  class space    used 1163K, committed 1280K, reserved 1048576K
}
Event: 1.367 GC heap before
{Heap before GC invocations=2 (full 0):
 garbage-first heap   total 126976K, used 52377K [0x0000000080000000, 0x0000000100000000)
  region size 1024K, 42 young (43008K), 4 survivors (4096K)
 Metaspace       used 21345K, committed 21504K, reserved 1073152K
  class space    used 2614K, committed 2688K, reserved 1048576K
}
Event: 1.371 GC heap after
{Heap after GC invocations=3 (full 0):
 garbage-first heap   total 126976K, used 18305K [0x0000000080000000, 0x0000000100000000)
  region size 1024K, 8 young (8192K), 8 survivors (8192K)
 Metaspace       used 21345K, committed 21504K, reserved 1073152K
  class space    used 2614K, committed 2688K, reserved 1048576K
}
Event: 1.807 GC heap before
{Heap before GC invocations=4 (full 0):
 garbage-first heap   total 68608K, used 51073K [0x0000000080000000, 0x0000000100000000)
  region size 1024K, 40 young (40960K), 8 survivors (8192K)
 Metaspace       used 26465K, committed 26816K, reserved 1073152K
  class space    used 3499K, committed 3648K, reserved 1048576K
}
Event: 1.813 GC heap after
{Heap after GC invocations=5 (full 0):
 garbage-first heap   total 68608K, used 20409K [0x0000000080000000, 0x0000000100000000)
  region size 1024K, 3 young (3072K), 3 survivors (3072K)
 Metaspace       used 26465K, committed 26816K, reserved 1073152K
  class space    used 3499K, committed 3648K, reserved 1048576K
}
Event: 1.825 GC heap before
{Heap before GC invocations=5 (full 0):
 garbage-first heap   total 68608K, used 21433K [0x0000000080000000, 0x0000000100000000)
  region size 1024K, 4 young (4096K), 3 survivors (3072K)
 Metaspace       used 26681K, committed 26944K, reserved 1073152K
  class space    used 3531K, committed 3648K, reserved 1048576K
}
Event: 1.827 GC heap after
{Heap after GC invocations=6 (full 0):
 garbage-first heap   total 68608K, used 20357K [0x0000000080000000, 0x0000000100000000)
  region size 1024K, 1 young (1024K), 1 survivors (1024K)
 Metaspace       used 26681K, committed 26944K, reserved 1073152K
  class space    used 3531K, committed 3648K, reserved 1048576K
}
Event: 2.112 GC heap before
{Heap before GC invocations=6 (full 0):
 garbage-first heap   total 68608K, used 46981K [0x0000000080000000, 0x0000000100000000)
  region size 1024K, 27 young (27648K), 1 survivors (1024K)
 Metaspace       used 30639K, committed 30912K, reserved 1081344K
  class space    used 4189K, committed 4288K, reserved 1048576K
}
Event: 2.114 GC heap after
{Heap after GC invocations=7 (full 0):
 garbage-first heap   total 101376K, used 21531K [0x0000000080000000, 0x0000000100000000)
  region size 1024K, 2 young (2048K), 2 survivors (2048K)
 Metaspace       used 30639K, committed 30912K, reserved 1081344K
  class space    used 4189K, committed 4288K, reserved 1048576K
}
Event: 2.477 GC heap before
{Heap before GC invocations=7 (full 0):
 garbage-first heap   total 101376K, used 49179K [0x0000000080000000, 0x0000000100000000)
  region size 1024K, 30 young (30720K), 2 survivors (2048K)
 Metaspace       used 35777K, committed 36096K, reserved 1081344K
  class space    used 4900K, committed 5056K, reserved 1048576K
}
Event: 2.482 GC heap after
{Heap after GC invocations=8 (full 0):
 garbage-first heap   total 101376K, used 23679K [0x0000000080000000, 0x0000000100000000)
  region size 1024K, 4 young (4096K), 4 survivors (4096K)
 Metaspace       used 35777K, committed 36096K, reserved 1081344K
  class space    used 4900K, committed 5056K, reserved 1048576K
}

Dll operation events (2 events):
Event: 0.006 Loaded shared library C:\Program Files\Android\Android Studio\jbr\bin\java.dll
Event: 0.223 Loaded shared library C:\Program Files\Android\Android Studio\jbr\bin\verify.dll

Deoptimization events (20 events):
Event: 2.723 Thread 0x0000017bdac1f0a0 Uncommon trap: trap_request=0xffffffc6 fr.pc=0x0000017bca796778 relative=0x00000000000002b8
Event: 2.723 Thread 0x0000017bdac1f0a0 Uncommon trap: reason=bimorphic_or_optimized_type_check action=maybe_recompile pc=0x0000017bca796778 method=java.util.stream.MatchOps$1MatchSink.accept(Ljava/lang/Object;)V @ 12 c2
Event: 2.723 Thread 0x0000017bdac1f0a0 DEOPT PACKING pc=0x0000017bca796778 sp=0x0000003200df74a0
Event: 2.723 Thread 0x0000017bdac1f0a0 DEOPT UNPACKING pc=0x0000017bca09a1a3 sp=0x0000003200df7448 mode 2
Event: 2.723 Thread 0x0000017bdac1f0a0 Uncommon trap: trap_request=0xffffffc6 fr.pc=0x0000017bca796778 relative=0x00000000000002b8
Event: 2.723 Thread 0x0000017bdac1f0a0 Uncommon trap: reason=bimorphic_or_optimized_type_check action=maybe_recompile pc=0x0000017bca796778 method=java.util.stream.MatchOps$1MatchSink.accept(Ljava/lang/Object;)V @ 12 c2
Event: 2.723 Thread 0x0000017bdac1f0a0 DEOPT PACKING pc=0x0000017bca796778 sp=0x0000003200df74a0
Event: 2.723 Thread 0x0000017bdac1f0a0 DEOPT UNPACKING pc=0x0000017bca09a1a3 sp=0x0000003200df7448 mode 2
Event: 2.753 Thread 0x0000017bdac1f0a0 DEOPT PACKING pc=0x0000017bc319e4a0 sp=0x0000003200df75b0
Event: 2.753 Thread 0x0000017bdac1f0a0 DEOPT UNPACKING pc=0x0000017bca09ace3 sp=0x0000003200df6ac0 mode 0
Event: 2.754 Thread 0x0000017bdac1f0a0 DEOPT PACKING pc=0x0000017bc319e4a0 sp=0x0000003200df75b0
Event: 2.754 Thread 0x0000017bdac1f0a0 DEOPT UNPACKING pc=0x0000017bca09ace3 sp=0x0000003200df6ac0 mode 0
Event: 2.755 Thread 0x0000017bdac1f0a0 DEOPT PACKING pc=0x0000017bc319e4a0 sp=0x0000003200df75b0
Event: 2.755 Thread 0x0000017bdac1f0a0 DEOPT UNPACKING pc=0x0000017bca09ace3 sp=0x0000003200df6ac0 mode 0
Event: 2.755 Thread 0x0000017bdac1f0a0 DEOPT PACKING pc=0x0000017bc319e4a0 sp=0x0000003200df75b0
Event: 2.755 Thread 0x0000017bdac1f0a0 DEOPT UNPACKING pc=0x0000017bca09ace3 sp=0x0000003200df6ac0 mode 0
Event: 2.756 Thread 0x0000017bdac1f0a0 DEOPT PACKING pc=0x0000017bc319e4a0 sp=0x0000003200df75b0
Event: 2.756 Thread 0x0000017bdac1f0a0 DEOPT UNPACKING pc=0x0000017bca09ace3 sp=0x0000003200df6ac0 mode 0
Event: 2.757 Thread 0x0000017bdac1f0a0 DEOPT PACKING pc=0x0000017bc319e4a0 sp=0x0000003200df75b0
Event: 2.757 Thread 0x0000017bdac1f0a0 DEOPT UNPACKING pc=0x0000017bca09ace3 sp=0x0000003200df6ac0 mode 0

Classes unloaded (0 events):
No events

Classes redefined (0 events):
No events

Internal exceptions (20 events):
Event: 2.286 Thread 0x0000017bdac1f0a0 Exception <a 'java/lang/NoSuchMethodError'{0x000000008534a7a8}: 'int java.lang.invoke.DirectMethodHandle$Holder.invokeStaticInit(java.lang.Object, java.lang.Object, java.lang.Object)'> (0x000000008534a7a8) 
thrown [s\src\hotspot\share\interpreter\linkResolver.cpp, line 771]
Event: 2.289 Thread 0x0000017bdac1f0a0 Exception <a 'java/lang/NoSuchMethodError'{0x000000008535f7e0}: 'java.lang.Object java.lang.invoke.DirectMethodHandle$Holder.newInvokeSpecial(java.lang.Object, java.lang.Object, long)'> (0x000000008535f7e0) 
thrown [s\src\hotspot\share\interpreter\linkResolver.cpp, line 771]
Event: 2.289 Thread 0x0000017bdac1f0a0 Exception <a 'java/lang/NoSuchMethodError'{0x0000000085363df0}: 'java.lang.Object java.lang.invoke.Invokers$Holder.linkToTargetMethod(java.lang.Object, long, java.lang.Object)'> (0x0000000085363df0) 
thrown [s\src\hotspot\share\interpreter\linkResolver.cpp, line 771]
Event: 2.305 Thread 0x0000017bdac1f0a0 Exception <a 'java/lang/NoSuchMethodError'{0x0000000085260a50}: 'int java.lang.invoke.DirectMethodHandle$Holder.invokeInterface(java.lang.Object, java.lang.Object)'> (0x0000000085260a50) 
thrown [s\src\hotspot\share\interpreter\linkResolver.cpp, line 771]
Event: 2.307 Thread 0x0000017bdac1f0a0 Exception <a 'java/lang/NoSuchMethodError'{0x0000000085284860}: 'java.lang.Object java.lang.invoke.DirectMethodHandle$Holder.invokeStatic(java.lang.Object, java.lang.Object, int, java.lang.Object)'> (0x0000000085284860) 
thrown [s\src\hotspot\share\interpreter\linkResolver.cpp, line 771]
Event: 2.307 Thread 0x0000017bdac1f0a0 Exception <a 'java/lang/NoSuchMethodError'{0x000000008528c418}: 'java.lang.Object java.lang.invoke.DirectMethodHandle$Holder.newInvokeSpecial(java.lang.Object, java.lang.Object, int, java.lang.Object)'> (0x000000008528c418) 
thrown [s\src\hotspot\share\interpreter\linkResolver.cpp, line 771]
Event: 2.307 Thread 0x0000017bdac1f0a0 Exception <a 'java/lang/NoSuchMethodError'{0x0000000085290d00}: 'java.lang.Object java.lang.invoke.DirectMethodHandle$Holder.invokeSpecial(java.lang.Object, java.lang.Object, java.lang.Object, int, java.lang.Object)'> (0x0000000085290d00) 
thrown [s\src\hotspot\share\interpreter\linkResolver.cpp, line 771]
Event: 2.369 Thread 0x0000017bdac1f0a0 Exception <a 'java/lang/NoSuchMethodError'{0x0000000084ff39c0}: 'java.lang.Object java.lang.invoke.DirectMethodHandle$Holder.invokeSpecial(java.lang.Object, java.lang.Object, java.lang.Object, int, java.lang.Object, java.lang.Object)'> (0x0000000084ff39c0) 
thrown [s\src\hotspot\share\interpreter\linkResolver.cpp, line 771]
Event: 2.409 Thread 0x0000017bdac1f0a0 Implicit null exception at 0x0000017bca77846a to 0x0000017bca778908
Event: 2.431 Thread 0x0000017bdac1f0a0 Exception <a 'java/lang/NoSuchMethodError'{0x0000000084a25d78}: 'void java.lang.invoke.DirectMethodHandle$Holder.invokeStaticInit(java.lang.Object, java.lang.Object, java.lang.Object)'> (0x0000000084a25d78) 
thrown [s\src\hotspot\share\interpreter\linkResolver.cpp, line 771]
Event: 2.432 Thread 0x0000017bdac1f0a0 Exception <a 'java/lang/NoSuchMethodError'{0x0000000084a2d4c0}: 'void java.lang.invoke.DirectMethodHandle$Holder.invokeStaticInit(java.lang.Object, java.lang.Object, java.lang.Object, java.lang.Object)'> (0x0000000084a2d4c0) 
thrown [s\src\hotspot\share\interpreter\linkResolver.cpp, line 771]
Event: 2.433 Thread 0x0000017bdac1f0a0 Exception <a 'java/lang/NoSuchMethodError'{0x0000000084a55518}: 'void java.lang.invoke.DirectMethodHandle$Holder.invokeStaticInit(java.lang.Object, java.lang.Object, java.lang.Object, java.lang.Object, java.lang.Object)'> (0x0000000084a55518) 
thrown [s\src\hotspot\share\interpreter\linkResolver.cpp, line 771]
Event: 2.439 Thread 0x0000017bdac1f0a0 Exception <a 'java/lang/NoSuchMethodError'{0x0000000084aafab0}: 'int java.lang.invoke.DirectMethodHandle$Holder.invokeStaticInit(java.lang.Object, java.lang.Object, java.lang.Object, java.lang.Object)'> (0x0000000084aafab0) 
thrown [s\src\hotspot\share\interpreter\linkResolver.cpp, line 771]
Event: 2.637 Thread 0x0000017bdac1f0a0 Exception <a 'java/lang/ClassNotFoundException'{0x0000000084918cf8}: groovy/lang/ExpandoMetaClassBeanInfo> (0x0000000084918cf8) 
thrown [s\src\hotspot\share\classfile\systemDictionary.cpp, line 256]
Event: 2.637 Thread 0x0000017bdac1f0a0 Exception <a 'java/lang/ClassNotFoundException'{0x000000008492fb40}: groovy/lang/MetaClassImplBeanInfo> (0x000000008492fb40) 
thrown [s\src\hotspot\share\classfile\systemDictionary.cpp, line 256]
Event: 2.637 Thread 0x0000017bdac1f0a0 Exception <a 'java/lang/ClassNotFoundException'{0x0000000084935320}: java/lang/ObjectBeanInfo> (0x0000000084935320) 
thrown [s\src\hotspot\share\classfile\systemDictionary.cpp, line 256]
Event: 2.638 Thread 0x0000017bdac1f0a0 Exception <a 'java/lang/ClassNotFoundException'{0x000000008493b1b8}: java/lang/ObjectCustomizer> (0x000000008493b1b8) 
thrown [s\src\hotspot\share\classfile\systemDictionary.cpp, line 256]
Event: 2.641 Thread 0x0000017bdac1f0a0 Exception <a 'java/lang/IncompatibleClassChangeError'{0x000000008493fbe0}: Found class java.lang.Object, but interface was expected> (0x000000008493fbe0) 
thrown [s\src\hotspot\share\interpreter\linkResolver.cpp, line 838]
Event: 2.644 Thread 0x0000017bdac1f0a0 Exception <a 'java/lang/ClassNotFoundException'{0x000000008495b6c0}: groovy/lang/MetaClassImplCustomizer> (0x000000008495b6c0) 
thrown [s\src\hotspot\share\classfile\systemDictionary.cpp, line 256]
Event: 2.645 Thread 0x0000017bdac1f0a0 Exception <a 'java/lang/ClassNotFoundException'{0x0000000084990c70}: groovy/lang/ExpandoMetaClassCustomizer> (0x0000000084990c70) 
thrown [s\src\hotspot\share\classfile\systemDictionary.cpp, line 256]

VM Operations (20 events):
Event: 2.494 Executing VM operation: G1Concurrent
Event: 2.494 Executing VM operation: G1Concurrent done
Event: 2.537 Executing VM operation: HandshakeAllThreads
Event: 2.546 Executing VM operation: HandshakeAllThreads done
Event: 2.580 Executing VM operation: HandshakeAllThreads
Event: 2.581 Executing VM operation: HandshakeAllThreads done
Event: 2.614 Executing VM operation: HandshakeAllThreads
Event: 2.614 Executing VM operation: HandshakeAllThreads done
Event: 2.683 Executing VM operation: HandshakeAllThreads
Event: 2.683 Executing VM operation: HandshakeAllThreads done
Event: 2.683 Executing VM operation: HandshakeAllThreads
Event: 2.683 Executing VM operation: HandshakeAllThreads done
Event: 2.686 Executing VM operation: HandshakeAllThreads
Event: 2.686 Executing VM operation: HandshakeAllThreads done
Event: 2.689 Executing VM operation: HandshakeAllThreads
Event: 2.689 Executing VM operation: HandshakeAllThreads done
Event: 2.694 Executing VM operation: HandshakeAllThreads
Event: 2.694 Executing VM operation: HandshakeAllThreads done
Event: 2.730 Executing VM operation: HandshakeAllThreads
Event: 2.730 Executing VM operation: HandshakeAllThreads done

Events (20 events):
Event: 2.728 loading class jdk/internal/jimage/ImageReader$Directory
Event: 2.729 loading class jdk/internal/jimage/ImageReader$Node
Event: 2.729 loading class jdk/internal/jimage/ImageReader$Node done
Event: 2.729 loading class jdk/internal/jimage/ImageReader$Directory done
Event: 2.729 loading class jdk/internal/jrtfs/SystemImage$1
Event: 2.729 loading class jdk/internal/jrtfs/SystemImage$1 done
Event: 2.729 loading class jdk/internal/jimage/ImageReader$SharedImageReader$LocationVisitor
Event: 2.729 loading class jdk/internal/jimage/ImageReader$SharedImageReader$LocationVisitor done
Event: 2.729 loading class java/nio/ByteBufferAsIntBufferL
Event: 2.730 loading class java/nio/ByteBufferAsIntBufferL done
Event: 2.730 loading class jdk/internal/jrtfs/JrtFileAttributes
Event: 2.730 loading class jdk/internal/jrtfs/JrtFileAttributes done
Event: 2.730 loading class jdk/internal/jrtfs/JrtDirectoryStream
Event: 2.730 loading class jdk/internal/jrtfs/JrtDirectoryStream done
Event: 2.731 loading class jdk/internal/jrtfs/JrtDirectoryStream$1
Event: 2.731 loading class jdk/internal/jrtfs/JrtDirectoryStream$1 done
Event: 2.731 loading class java/util/function/BooleanSupplier
Event: 2.731 loading class java/util/function/BooleanSupplier done
Event: 2.731 loading class jdk/internal/jimage/ImageReader$Resource
Event: 2.731 loading class jdk/internal/jimage/ImageReader$Resource done


Dynamic libraries:
0x00007ff6b2ce0000 - 0x00007ff6b2cea000 	C:\Program Files\Android\Android Studio\jbr\bin\java.exe
0x00007ffe08750000 - 0x00007ffe08967000 	C:\WINDOWS\SYSTEM32\ntdll.dll
0x00007ffe07190000 - 0x00007ffe07254000 	C:\WINDOWS\System32\KERNEL32.DLL
0x00007ffe05dd0000 - 0x00007ffe06176000 	C:\WINDOWS\System32\KERNELBASE.dll
0x00007ffe06180000 - 0x00007ffe06291000 	C:\WINDOWS\System32\ucrtbase.dll
0x00007ffd94d00000 - 0x00007ffd94d17000 	C:\Program Files\Android\Android Studio\jbr\bin\jli.dll
0x00007ffe00d40000 - 0x00007ffe00d5b000 	C:\Program Files\Android\Android Studio\jbr\bin\VCRUNTIME140.dll
0x00007ffe066e0000 - 0x00007ffe0688d000 	C:\WINDOWS\System32\USER32.dll
0x00007ffe05da0000 - 0x00007ffe05dc6000 	C:\WINDOWS\System32\win32u.dll
0x00007ffde53a0000 - 0x00007ffde5633000 	C:\WINDOWS\WinSxS\amd64_microsoft.windows.common-controls_6595b64144ccf1df_6.0.22621.2361_none_2712ced57382f843\COMCTL32.dll
0x00007ffe07b90000 - 0x00007ffe07bb9000 	C:\WINDOWS\System32\GDI32.dll
0x00007ffe070e0000 - 0x00007ffe07187000 	C:\WINDOWS\System32\msvcrt.dll
0x00007ffe06320000 - 0x00007ffe06438000 	C:\WINDOWS\System32\gdi32full.dll
0x00007ffe05d00000 - 0x00007ffe05d9a000 	C:\WINDOWS\System32\msvcp_win.dll
0x00007ffe075d0000 - 0x00007ffe07601000 	C:\WINDOWS\System32\IMM32.DLL
0x00007ffe00c10000 - 0x00007ffe00c1c000 	C:\Program Files\Android\Android Studio\jbr\bin\vcruntime140_1.dll
0x00007ffdccbb0000 - 0x00007ffdccc3d000 	C:\Program Files\Android\Android Studio\jbr\bin\msvcp140.dll
0x00007ffd8d220000 - 0x00007ffd8de8e000 	C:\Program Files\Android\Android Studio\jbr\bin\server\jvm.dll
0x00007ffe07c40000 - 0x00007ffe07cf0000 	C:\WINDOWS\System32\ADVAPI32.dll
0x00007ffe07720000 - 0x00007ffe077c6000 	C:\WINDOWS\System32\sechost.dll
0x00007ffe072f0000 - 0x00007ffe07407000 	C:\WINDOWS\System32\RPCRT4.dll
0x00007ffdf3140000 - 0x00007ffdf3149000 	C:\WINDOWS\SYSTEM32\WSOCK32.dll
0x00007ffdfe6b0000 - 0x00007ffdfe6ba000 	C:\WINDOWS\SYSTEM32\VERSION.dll
0x00007ffdfca90000 - 0x00007ffdfcac4000 	C:\WINDOWS\SYSTEM32\WINMM.dll
0x00007ffe07260000 - 0x00007ffe072d1000 	C:\WINDOWS\System32\WS2_32.dll
0x00007ffe04b90000 - 0x00007ffe04ba8000 	C:\WINDOWS\SYSTEM32\kernel.appcore.dll
0x00007ffde91b0000 - 0x00007ffde91ba000 	C:\Program Files\Android\Android Studio\jbr\bin\jimage.dll
0x00007ffe033e0000 - 0x00007ffe0360e000 	C:\WINDOWS\SYSTEM32\DBGHELP.DLL
0x00007ffe077d0000 - 0x00007ffe07b5a000 	C:\WINDOWS\System32\combase.dll
0x00007ffe064b0000 - 0x00007ffe06587000 	C:\WINDOWS\System32\OLEAUT32.dll
0x00007ffddfc40000 - 0x00007ffddfc72000 	C:\WINDOWS\SYSTEM32\dbgcore.DLL
0x00007ffe062a0000 - 0x00007ffe0631a000 	C:\WINDOWS\System32\bcryptPrimitives.dll
0x00007ffdd9a20000 - 0x00007ffdd9a45000 	C:\Program Files\Android\Android Studio\jbr\bin\java.dll
0x00007ffdd9a00000 - 0x00007ffdd9a18000 	C:\Program Files\Android\Android Studio\jbr\bin\zip.dll
0x00007ffe07eb0000 - 0x00007ffe08708000 	C:\WINDOWS\System32\SHELL32.dll
0x00007ffe039e0000 - 0x00007ffe042d2000 	C:\WINDOWS\SYSTEM32\windows.storage.dll
0x00007ffe038a0000 - 0x00007ffe039de000 	C:\WINDOWS\SYSTEM32\wintypes.dll
0x00007ffe06db0000 - 0x00007ffe06ea3000 	C:\WINDOWS\System32\SHCORE.dll
0x00007ffe07610000 - 0x00007ffe0766e000 	C:\WINDOWS\System32\shlwapi.dll
0x00007ffe05a00000 - 0x00007ffe05a26000 	C:\WINDOWS\SYSTEM32\profapi.dll
0x00007ffdd99e0000 - 0x00007ffdd99f9000 	C:\Program Files\Android\Android Studio\jbr\bin\net.dll
0x00007ffdfd800000 - 0x00007ffdfd937000 	C:\WINDOWS\SYSTEM32\WINHTTP.dll
0x00007ffe05080000 - 0x00007ffe050e9000 	C:\WINDOWS\system32\mswsock.dll
0x00007ffdb3170000 - 0x00007ffdb3186000 	C:\Program Files\Android\Android Studio\jbr\bin\nio.dll
0x00007ffde6b60000 - 0x00007ffde6b70000 	C:\Program Files\Android\Android Studio\jbr\bin\verify.dll
0x00007ffde3830000 - 0x00007ffde3857000 	C:\Users\Anton\.gradle\native\68d5fa5c4cc2d200863cafc0d521ce42e7d3e7ee720ec0a83991735586a16f82\windows-amd64\native-platform.dll
0x00007ffdaf370000 - 0x00007ffdaf4b4000 	C:\Users\Anton\.gradle\native\e376f236ea51e6404a007f0833ffe2c6e607c4080706a723a18a27aeea778392\windows-amd64\native-platform-file-events.dll
0x00007ffde2f00000 - 0x00007ffde2f09000 	C:\Program Files\Android\Android Studio\jbr\bin\management.dll
0x00007ffdd99d0000 - 0x00007ffdd99db000 	C:\Program Files\Android\Android Studio\jbr\bin\management_ext.dll
0x00007ffe07cf0000 - 0x00007ffe07cf8000 	C:\WINDOWS\System32\PSAPI.DLL
0x00007ffe052d0000 - 0x00007ffe052eb000 	C:\WINDOWS\SYSTEM32\CRYPTSP.dll
0x00007ffe04ab0000 - 0x00007ffe04ae5000 	C:\WINDOWS\system32\rsaenh.dll
0x00007ffe05170000 - 0x00007ffe0519c000 	C:\WINDOWS\SYSTEM32\USERENV.dll
0x00007ffe05470000 - 0x00007ffe05498000 	C:\WINDOWS\SYSTEM32\bcrypt.dll
0x00007ffe052f0000 - 0x00007ffe052fc000 	C:\WINDOWS\SYSTEM32\CRYPTBASE.dll
0x00007ffe04540000 - 0x00007ffe0456d000 	C:\WINDOWS\SYSTEM32\IPHLPAPI.DLL
0x00007ffe07bc0000 - 0x00007ffe07bc9000 	C:\WINDOWS\System32\NSI.dll
0x00007ffdfdb70000 - 0x00007ffdfdb89000 	C:\WINDOWS\SYSTEM32\dhcpcsvc6.DLL
0x00007ffdfd7a0000 - 0x00007ffdfd7bf000 	C:\WINDOWS\SYSTEM32\dhcpcsvc.DLL
0x00007ffe045b0000 - 0x00007ffe046a9000 	C:\WINDOWS\SYSTEM32\DNSAPI.dll
0x00007ffdd10f0000 - 0x00007ffdd10f8000 	C:\WINDOWS\system32\wshunix.dll

dbghelp: loaded successfully - version: 4.0.5 - missing functions: none
symbol engine: initialized successfully - sym options: 0x614 - pdb path: .;C:\Program Files\Android\Android Studio\jbr\bin;C:\WINDOWS\SYSTEM32;C:\WINDOWS\WinSxS\amd64_microsoft.windows.common-controls_6595b64144ccf1df_6.0.22621.2361_none_2712ced57382f843;C:\Program Files\Android\Android Studio\jbr\bin\server;C:\Users\Anton\.gradle\native\68d5fa5c4cc2d200863cafc0d521ce42e7d3e7ee720ec0a83991735586a16f82\windows-amd64;C:\Users\Anton\.gradle\native\e376f236ea51e6404a007f0833ffe2c6e607c4080706a723a18a27aeea778392\windows-amd64

VM Arguments:
jvm_args: --add-opens=java.base/java.util=ALL-UNNAMED --add-opens=java.base/java.lang=ALL-UNNAMED --add-opens=java.base/java.lang.invoke=ALL-UNNAMED --add-opens=java.prefs/java.util.prefs=ALL-UNNAMED --add-opens=java.base/java.nio.charset=ALL-UNNAMED --add-opens=java.base/java.net=ALL-UNNAMED --add-opens=java.base/java.util.concurrent.atomic=ALL-UNNAMED -Xmx2048m -Dfile.encoding=UTF-8 -Duser.country=US -Duser.language=en -Duser.variant 
java_command: org.gradle.launcher.daemon.bootstrap.GradleDaemon 8.0
java_class_path (initial): C:\Users\Anton\.gradle\wrapper\dists\gradle-8.0-bin\ca5e32bp14vu59qr306oxotwh\gradle-8.0\lib\gradle-launcher-8.0.jar
Launcher Type: SUN_STANDARD

[Global flags]
     intx CICompilerCount                          = 4                                         {product} {ergonomic}
     uint ConcGCThreads                            = 3                                         {product} {ergonomic}
     uint G1ConcRefinementThreads                  = 10                                        {product} {ergonomic}
   size_t G1HeapRegionSize                         = 1048576                                   {product} {ergonomic}
    uintx GCDrainStackTargetSize                   = 64                                        {product} {ergonomic}
   size_t InitialHeapSize                          = 130023424                                 {product} {ergonomic}
   size_t MarkStackSize                            = 4194304                                   {product} {ergonomic}
   size_t MaxHeapSize                              = 2147483648                                {product} {command line}
   size_t MaxNewSize                               = 1287651328                                {product} {ergonomic}
   size_t MinHeapDeltaBytes                        = 1048576                                   {product} {ergonomic}
   size_t MinHeapSize                              = 8388608                                   {product} {ergonomic}
    uintx NonNMethodCodeHeapSize                   = 5839372                                {pd product} {ergonomic}
    uintx NonProfiledCodeHeapSize                  = 122909434                              {pd product} {ergonomic}
    uintx ProfiledCodeHeapSize                     = 122909434                              {pd product} {ergonomic}
    uintx ReservedCodeCacheSize                    = 251658240                              {pd product} {ergonomic}
     bool SegmentedCodeCache                       = true                                      {product} {ergonomic}
   size_t SoftMaxHeapSize                          = 2147483648                             {manageable} {ergonomic}
     bool UseCompressedClassPointers               = true                           {product lp64_product} {ergonomic}
     bool UseCompressedOops                        = true                           {product lp64_product} {ergonomic}
     bool UseG1GC                                  = true                                      {product} {ergonomic}
     bool UseLargePagesIndividualAllocation        = false                                  {pd product} {ergonomic}

Logging:
Log output configuration:
 #0: stdout all=warning uptime,level,tags
 #1: stderr all=off uptime,level,tags

Environment Variables:
PATH=C:\Program Files\Common Files\Oracle\Java\javapath;C:\windows\system32;C:\windows;C:\windows\System32\Wbem;C:\windows\System32\WindowsPowerShell\v1.0\;C:\windows\System32\OpenSSH\;C:\Program Files (x86)\NVIDIA Corporation\PhysX\Common;C:\Program Files\NVIDIA Corporation\NVIDIA NvDLISR;C:\WINDOWS\system32;C:\WINDOWS;C:\WINDOWS\System32\Wbem;C:\WINDOWS\System32\WindowsPowerShell\v1.0\;C:\WINDOWS\System32\OpenSSH\;C:\Program Files\nodejs\;C:\ProgramData\chocolatey\bin;C:\Program Files\Git\cmd;C:\Program Files\Docker\Docker\resources\bin;C:\Program Files\MySQL\MySQL Shell 8.0\bin\;C:\Users\Anton\AppData\Local\Microsoft\WindowsApps;C:\Users\Anton\AppData\Local\Programs\Microsoft VS Code\bin;C:\Users\Anton\AppData\Roaming\npm;C:\Users\Anton\Desktop\mongosh-1.10.6-win32-x64\mongosh-1.10.6-win32-x64\bin;
USERNAME=Anton
OS=Windows_NT
PROCESSOR_IDENTIFIER=Intel64 Family 6 Model 141 Stepping 1, GenuineIntel
TMP=C:\Users\Anton\AppData\Local\Temp
TEMP=C:\Users\Anton\AppData\Local\Temp


JNI global refs:
JNI global refs: 24, weak refs: 0

JNI global refs memory usage: 843, weak refs: 841


---------------  S Y S T E M  ---------------

OS:
 Windows 11 , 64 bit Build 22621 (10.0.22621.2428)
OS uptime: 0 days 5:42 hours
Hyper-V role detected

CPU: total 12 (initial active 12) (6 cores per cpu, 2 threads per core) family 6 model 141 stepping 1 microcode 0x46, cx8, cmov, fxsr, ht, mmx, 3dnowpref, sse, sse2, sse3, ssse3, sse4.1, sse4.2, popcnt, lzcnt, tsc, tscinvbit, avx, avx2, aes, erms, clmul, bmi1, bmi2, adx, avx512f, avx512dq, avx512cd, avx512bw, avx512vl, sha, fma, vzeroupper, avx512_vpopcntdq, avx512_vpclmulqdq, avx512_vaes, avx512_vnni, clflush, clflushopt, clwb, avx512_vbmi2, avx512_vbmi, hv

Memory: 4k page, system-wide physical 7830M (508M free)
TotalPageFile size 20118M (AvailPageFile size 6789M)
current process WorkingSet (physical memory assigned to process): 229M, peak: 240M
current process commit charge ("private bytes"): 274M, peak: 296M

vm_info: OpenJDK 64-Bit Server VM (17.0.6+0-b2043.56-10027231) for windows-amd64 JRE (17.0.6+0-b2043.56-10027231), built on Apr 28 2023 00:43:19 by "androidbuild" with MS VC++ 16.10 / 16.11 (VS2019)

END.
